2025-07-21 08:26:37 | Loans fetched: 3 | ID: 1 Status: active | ID: 2 Status: active | ID: 3 Status: repaid
2025-07-21 08:29:31 | DB: excelinvestments | Host: localhost via TCP/IP | Loans fetched: 3 | ID: 1 Status: active | ID: 2 Status: active | ID: 3 Status: repaid
2025-07-21 08:29:32 | DB: excelinvestments | Host: localhost via TCP/IP | Loans fetched: 3 | ID: 1 Status: active | ID: 2 Status: active | ID: 3 Status: repaid
2025-07-21 08:29:33 | DB: excelinvestments | Host: localhost via TCP/IP | Loans fetched: 3 | ID: 1 Status: active | ID: 2 Status: active | ID: 3 Status: repaid
2025-07-21 08:29:34 | DB: excelinvestments | Host: localhost via TCP/IP | Loans fetched: 3 | ID: 1 Status: active | ID: 2 Status: active | ID: 3 Status: repaid
2025-07-21 08:31:02 | DB: excelinvestments | Host: localhost via TCP/IP | Loans fetched: 3 | ID: 1 Status: active | ID: 2 Status: active | ID: 3 Status: active
2025-07-21 08:31:03 | DB: excelinvestments | Host: localhost via TCP/IP | Loans fetched: 3 | ID: 1 Status: active | ID: 2 Status: active | ID: 3 Status: active
2025-07-21 08:32:14 | DB: excelinvestments | Host: localhost via TCP/IP | Loans fetched: 3 | ID: 1 Status: active | ID: 2 Status: active | ID: 3 Status: repaid
2025-07-21 08:35:02 | DB: excelinvestments | Host: localhost via TCP/IP | Loans fetched: 3 | ID: 1 Status: active | ID: 2 Status: active | ID: 3 Status: repaid
2025-07-21 08:37:37 | DB: excelinvestments | Host: localhost via TCP/IP | Loans fetched: 3 | ID: 1 Status: active | ID: 2 Status: active | ID: 3 Status: repaid
2025-07-21 08:37:38 | DB: excelinvestments | Host: localhost via TCP/IP | Loans fetched: 3 | ID: 1 Status: active | ID: 2 Status: active | ID: 3 Status: repaid
2025-07-21 08:43:34 | DB: excelinvestments | Host: localhost via TCP/IP | Loans fetched: 3 | ID: 1 Status: active | ID: 2 Status: active | ID: 3 Status: repaid
2025-07-21 08:50:15 | DB: excelinvestments | Host: localhost via TCP/IP | Loans fetched: 3 | ID: 1 Status: active | ID: 2 Status: active | ID: 3 Status: repaid
2025-07-21 09:01:04 | DB: excelinvestments | Host: localhost via TCP/IP | Loans fetched: 3 | ID: 1 Status: active | ID: 2 Status: active | ID: 3 Status: repaid
2025-07-21 09:01:20 | DB: excelinvestments | Host: localhost via TCP/IP | Loans fetched: 3 | ID: 1 Status: active | ID: 2 Status: active | ID: 3 Status: repaid
2025-07-23 18:27:38 | DB: excelinvestments | Host: localhost via TCP/IP | Loans fetched: 4 | ID: 1 Status: repaid | ID: 2 Status: repaid | ID: 3 Status: repaid | ID: 4 Status: pending
2025-07-23 18:41:11 | DB: excelinvestments | Host: localhost via TCP/IP | Loans fetched: 4 | ID: 1 Status: repaid | ID: 2 Status: repaid | ID: 3 Status: repaid | ID: 4 Status: pending
2025-07-23 19:33:38 | DB: excelinvestments | Host: localhost via TCP/IP | Loans fetched: 4 | ID: 1 Status: repaid | ID: 2 Status: repaid | ID: 3 Status: repaid | ID: 4 Status: pending
2025-07-23 19:33:46 | DB: excelinvestments | Host: localhost via TCP/IP | Loans fetched: 4 | ID: 1 Status: repaid | ID: 2 Status: repaid | ID: 3 Status: repaid | ID: 4 Status: active
2025-07-23 19:58:33 | DB: excelinvestments | Host: localhost via TCP/IP | Loans fetched: 4 | ID: 1 Status: repaid | ID: 2 Status: repaid | ID: 3 Status: repaid | ID: 4 Status: repaid
2025-07-23 19:58:52 | DB: excelinvestments | Host: localhost via TCP/IP | Loans fetched: 4 | ID: 1 Status: repaid | ID: 2 Status: repaid | ID: 3 Status: repaid | ID: 4 Status: repaid
2025-07-23 19:58:54 | DB: excelinvestments | Host: localhost via TCP/IP | Loans fetched: 4 | ID: 1 Status: repaid | ID: 2 Status: repaid | ID: 3 Status: repaid | ID: 4 Status: repaid
2025-07-23 19:58:55 | DB: excelinvestments | Host: localhost via TCP/IP | Loans fetched: 4 | ID: 1 Status: repaid | ID: 2 Status: repaid | ID: 3 Status: repaid | ID: 4 Status: repaid
2025-07-23 23:34:53 | DB: excelinvestments | Host: localhost via TCP/IP | Loans fetched: 4 | ID: 1 Status: repaid | ID: 2 Status: repaid | ID: 3 Status: repaid | ID: 4 Status: repaid
2025-07-23 23:39:37 | DB: excelinvestments | Host: localhost via TCP/IP | Loans fetched: 4 | ID: 1 Status: repaid | ID: 2 Status: repaid | ID: 3 Status: repaid | ID: 4 Status: repaid
2025-07-24 00:44:31 | DB: excelinvestments | Host: localhost via TCP/IP | Loans fetched: 4 | ID: 1 Status: repaid | ID: 2 Status: repaid | ID: 3 Status: repaid | ID: 4 Status: repaid
2025-07-24 03:28:53 | DB: excelinvestments | Host: localhost via TCP/IP | Loans fetched: 4 | ID: 1 Status: repaid | ID: 2 Status: repaid | ID: 3 Status: repaid | ID: 4 Status: repaid
2025-07-24 03:29:24 | DB: excelinvestments | Host: localhost via TCP/IP | Loans fetched: 4 | ID: 1 Status: repaid | ID: 2 Status: repaid | ID: 3 Status: repaid | ID: 4 Status: repaid
2025-07-24 03:29:26 | DB: excelinvestments | Host: localhost via TCP/IP | Loans fetched: 4 | ID: 1 Status: repaid | ID: 2 Status: repaid | ID: 3 Status: repaid | ID: 4 Status: repaid
2025-07-24 03:32:01 | DB: excelinvestments | Host: localhost via TCP/IP | Loans fetched: 5 | ID: 1 Status: repaid | ID: 2 Status: repaid | ID: 3 Status: repaid | ID: 4 Status: repaid | ID: 5 Status: pending
2025-07-24 03:32:10 | DB: excelinvestments | Host: localhost via TCP/IP | Loans fetched: 5 | ID: 1 Status: repaid | ID: 2 Status: repaid | ID: 3 Status: repaid | ID: 4 Status: repaid | ID: 5 Status: active
2025-07-24 04:14:18 | DB: excelinvestments | Host: localhost via TCP/IP | Loans fetched: 5 | ID: 1 Status: repaid | ID: 2 Status: repaid | ID: 3 Status: repaid | ID: 4 Status: repaid | ID: 5 Status: repaid
2025-07-24 13:33:31 | DB: excelinvestments | Host: localhost via TCP/IP | Loans fetched: 5 | ID: 1 Status: repaid | ID: 2 Status: repaid | ID: 3 Status: repaid | ID: 4 Status: repaid | ID: 5 Status: repaid
2025-07-24 14:26:46 | DB: excelinvestments | Host: localhost via TCP/IP | Loans fetched: 5 | ID: 1 Status: repaid | ID: 2 Status: repaid | ID: 3 Status: repaid | ID: 4 Status: repaid | ID: 5 Status: repaid
2025-07-24 14:29:26 | DB: excelinvestments | Host: localhost via TCP/IP | Loans fetched: 5 | ID: 1 Status: repaid | ID: 2 Status: repaid | ID: 3 Status: repaid | ID: 4 Status: repaid | ID: 5 Status: repaid
2025-07-24 14:30:25 | DB: excelinvestments | Host: localhost via TCP/IP | Loans fetched: 5 | ID: 1 Status: repaid | ID: 2 Status: repaid | ID: 3 Status: repaid | ID: 4 Status: repaid | ID: 5 Status: repaid
2025-07-24 14:30:26 | DB: excelinvestments | Host: localhost via TCP/IP | Loans fetched: 5 | ID: 1 Status: repaid | ID: 2 Status: repaid | ID: 3 Status: repaid | ID: 4 Status: repaid | ID: 5 Status: repaid
2025-07-24 14:30:34 | DB: excelinvestments | Host: localhost via TCP/IP | Loans fetched: 5 | ID: 1 Status: repaid | ID: 2 Status: repaid | ID: 3 Status: repaid | ID: 4 Status: repaid | ID: 5 Status: repaid
2025-07-24 14:30:36 | DB: excelinvestments | Host: localhost via TCP/IP | Loans fetched: 5 | ID: 1 Status: repaid | ID: 2 Status: repaid | ID: 3 Status: repaid | ID: 4 Status: repaid | ID: 5 Status: repaid
2025-07-24 14:30:37 | DB: excelinvestments | Host: localhost via TCP/IP | Loans fetched: 5 | ID: 1 Status: repaid | ID: 2 Status: repaid | ID: 3 Status: repaid | ID: 4 Status: repaid | ID: 5 Status: repaid
2025-07-24 14:30:38 | DB: excelinvestments | Host: localhost via TCP/IP | Loans fetched: 5 | ID: 1 Status: repaid | ID: 2 Status: repaid | ID: 3 Status: repaid | ID: 4 Status: repaid | ID: 5 Status: repaid
2025-07-24 14:30:45 | DB: excelinvestments | Host: localhost via TCP/IP | Loans fetched: 5 | ID: 1 Status: repaid | ID: 2 Status: repaid | ID: 3 Status: repaid | ID: 4 Status: repaid | ID: 5 Status: repaid
2025-07-24 14:30:48 | DB: excelinvestments | Host: localhost via TCP/IP | Loans fetched: 5 | ID: 1 Status: repaid | ID: 2 Status: repaid | ID: 3 Status: repaid | ID: 4 Status: repaid | ID: 5 Status: repaid
2025-07-24 14:30:49 | DB: excelinvestments | Host: localhost via TCP/IP | Loans fetched: 5 | ID: 1 Status: repaid | ID: 2 Status: repaid | ID: 3 Status: repaid | ID: 4 Status: repaid | ID: 5 Status: repaid
2025-07-24 14:30:50 | DB: excelinvestments | Host: localhost via TCP/IP | Loans fetched: 5 | ID: 1 Status: repaid | ID: 2 Status: repaid | ID: 3 Status: repaid | ID: 4 Status: repaid | ID: 5 Status: repaid
2025-07-24 14:30:51 | DB: excelinvestments | Host: localhost via TCP/IP | Loans fetched: 5 | ID: 1 Status: repaid | ID: 2 Status: repaid | ID: 3 Status: repaid | ID: 4 Status: repaid | ID: 5 Status: repaid
2025-07-24 14:30:55 | DB: excelinvestments | Host: localhost via TCP/IP | Loans fetched: 5 | ID: 1 Status: repaid | ID: 2 Status: repaid | ID: 3 Status: repaid | ID: 4 Status: repaid | ID: 5 Status: repaid
2025-07-24 14:32:58 | DB: excelinvestments | Host: localhost via TCP/IP | Loans fetched: 5 | ID: 1 Status: repaid | ID: 2 Status: repaid | ID: 3 Status: repaid | ID: 4 Status: repaid | ID: 5 Status: repaid
2025-07-24 14:32:59 | DB: excelinvestments | Host: localhost via TCP/IP | Loans fetched: 5 | ID: 1 Status: repaid | ID: 2 Status: repaid | ID: 3 Status: repaid | ID: 4 Status: repaid | ID: 5 Status: repaid
2025-07-24 14:33:00 | DB: excelinvestments | Host: localhost via TCP/IP | Loans fetched: 5 | ID: 1 Status: repaid | ID: 2 Status: repaid | ID: 3 Status: repaid | ID: 4 Status: repaid | ID: 5 Status: repaid
2025-07-24 14:33:02 | DB: excelinvestments | Host: localhost via TCP/IP | Loans fetched: 5 | ID: 1 Status: repaid | ID: 2 Status: repaid | ID: 3 Status: repaid | ID: 4 Status: repaid | ID: 5 Status: repaid
2025-07-24 14:33:03 | DB: excelinvestments | Host: localhost via TCP/IP | Loans fetched: 5 | ID: 1 Status: repaid | ID: 2 Status: repaid | ID: 3 Status: repaid | ID: 4 Status: repaid | ID: 5 Status: repaid
2025-07-24 14:33:16 | DB: excelinvestments | Host: localhost via TCP/IP | Loans fetched: 5 | ID: 1 Status: repaid | ID: 2 Status: repaid | ID: 3 Status: repaid | ID: 4 Status: repaid | ID: 5 Status: repaid
2025-07-24 14:33:25 | DB: excelinvestments | Host: localhost via TCP/IP | Loans fetched: 5 | ID: 1 Status: repaid | ID: 2 Status: repaid | ID: 3 Status: repaid | ID: 4 Status: repaid | ID: 5 Status: repaid
2025-07-24 14:33:27 | DB: excelinvestments | Host: localhost via TCP/IP | Loans fetched: 5 | ID: 1 Status: repaid | ID: 2 Status: repaid | ID: 3 Status: repaid | ID: 4 Status: repaid | ID: 5 Status: repaid
2025-07-24 14:33:27 | DB: excelinvestments | Host: localhost via TCP/IP | Loans fetched: 5 | ID: 1 Status: repaid | ID: 2 Status: repaid | ID: 3 Status: repaid | ID: 4 Status: repaid | ID: 5 Status: repaid
2025-07-24 14:36:16 | DB: excelinvestments | Host: localhost via TCP/IP | Loans fetched: 5 | ID: 1 Status: repaid | ID: 2 Status: repaid | ID: 3 Status: repaid | ID: 4 Status: repaid | ID: 5 Status: repaid
2025-07-24 14:36:16 | DB: excelinvestments | Host: localhost via TCP/IP | Loans fetched: 5 | ID: 1 Status: repaid | ID: 2 Status: repaid | ID: 3 Status: repaid | ID: 4 Status: repaid | ID: 5 Status: repaid
2025-07-24 14:36:17 | DB: excelinvestments | Host: localhost via TCP/IP | Loans fetched: 5 | ID: 1 Status: repaid | ID: 2 Status: repaid | ID: 3 Status: repaid | ID: 4 Status: repaid | ID: 5 Status: repaid
2025-07-24 14:36:18 | DB: excelinvestments | Host: localhost via TCP/IP | Loans fetched: 5 | ID: 1 Status: repaid | ID: 2 Status: repaid | ID: 3 Status: repaid | ID: 4 Status: repaid | ID: 5 Status: repaid
2025-07-24 14:36:19 | DB: excelinvestments | Host: localhost via TCP/IP | Loans fetched: 5 | ID: 1 Status: repaid | ID: 2 Status: repaid | ID: 3 Status: repaid | ID: 4 Status: repaid | ID: 5 Status: repaid
2025-07-24 14:36:22 | DB: excelinvestments | Host: localhost via TCP/IP | Loans fetched: 5 | ID: 1 Status: repaid | ID: 2 Status: repaid | ID: 3 Status: repaid | ID: 4 Status: repaid | ID: 5 Status: repaid
2025-07-24 14:40:22 | DB: excelinvestments | Host: localhost via TCP/IP | Loans fetched: 5 | ID: 1 Status: repaid | ID: 2 Status: repaid | ID: 3 Status: repaid | ID: 4 Status: repaid | ID: 5 Status: repaid
2025-07-24 14:40:23 | DB: excelinvestments | Host: localhost via TCP/IP | Loans fetched: 5 | ID: 1 Status: repaid | ID: 2 Status: repaid | ID: 3 Status: repaid | ID: 4 Status: repaid | ID: 5 Status: repaid
2025-07-24 14:40:24 | DB: excelinvestments | Host: localhost via TCP/IP | Loans fetched: 5 | ID: 1 Status: repaid | ID: 2 Status: repaid | ID: 3 Status: repaid | ID: 4 Status: repaid | ID: 5 Status: repaid
2025-07-24 14:40:25 | DB: excelinvestments | Host: localhost via TCP/IP | Loans fetched: 5 | ID: 1 Status: repaid | ID: 2 Status: repaid | ID: 3 Status: repaid | ID: 4 Status: repaid | ID: 5 Status: repaid
2025-07-24 14:40:26 | DB: excelinvestments | Host: localhost via TCP/IP | Loans fetched: 5 | ID: 1 Status: repaid | ID: 2 Status: repaid | ID: 3 Status: repaid | ID: 4 Status: repaid | ID: 5 Status: repaid
2025-07-24 14:40:53 | DB: excelinvestments | Host: localhost via TCP/IP | Loans fetched: 5 | ID: 1 Status: repaid | ID: 2 Status: repaid | ID: 3 Status: repaid | ID: 4 Status: repaid | ID: 5 Status: repaid
2025-07-24 14:40:56 | DB: excelinvestments | Host: localhost via TCP/IP | Loans fetched: 5 | ID: 1 Status: repaid | ID: 2 Status: repaid | ID: 3 Status: repaid | ID: 4 Status: repaid | ID: 5 Status: repaid
2025-07-24 14:40:57 | DB: excelinvestments | Host: localhost via TCP/IP | Loans fetched: 5 | ID: 1 Status: repaid | ID: 2 Status: repaid | ID: 3 Status: repaid | ID: 4 Status: repaid | ID: 5 Status: repaid
2025-07-24 14:40:58 | DB: excelinvestments | Host: localhost via TCP/IP | Loans fetched: 5 | ID: 1 Status: repaid | ID: 2 Status: repaid | ID: 3 Status: repaid | ID: 4 Status: repaid | ID: 5 Status: repaid
2025-07-24 14:42:06 | DB: excelinvestments | Host: localhost via TCP/IP | Loans fetched: 5 | ID: 1 Status: repaid | ID: 2 Status: repaid | ID: 3 Status: repaid | ID: 4 Status: repaid | ID: 5 Status: repaid
2025-07-24 14:42:07 | DB: excelinvestments | Host: localhost via TCP/IP | Loans fetched: 5 | ID: 1 Status: repaid | ID: 2 Status: repaid | ID: 3 Status: repaid | ID: 4 Status: repaid | ID: 5 Status: repaid
2025-07-24 14:42:55 | DB: excelinvestments | Host: localhost via TCP/IP | Loans fetched: 5 | ID: 1 Status: repaid | ID: 2 Status: repaid | ID: 3 Status: repaid | ID: 4 Status: repaid | ID: 5 Status: repaid
2025-07-24 14:42:56 | DB: excelinvestments | Host: localhost via TCP/IP | Loans fetched: 5 | ID: 1 Status: repaid | ID: 2 Status: repaid | ID: 3 Status: repaid | ID: 4 Status: repaid | ID: 5 Status: repaid
2025-07-24 14:42:57 | DB: excelinvestments | Host: localhost via TCP/IP | Loans fetched: 5 | ID: 1 Status: repaid | ID: 2 Status: repaid | ID: 3 Status: repaid | ID: 4 Status: repaid | ID: 5 Status: repaid
2025-07-24 14:42:58 | DB: excelinvestments | Host: localhost via TCP/IP | Loans fetched: 5 | ID: 1 Status: repaid | ID: 2 Status: repaid | ID: 3 Status: repaid | ID: 4 Status: repaid | ID: 5 Status: repaid
2025-07-24 14:42:58 | DB: excelinvestments | Host: localhost via TCP/IP | Loans fetched: 5 | ID: 1 Status: repaid | ID: 2 Status: repaid | ID: 3 Status: repaid | ID: 4 Status: repaid | ID: 5 Status: repaid
2025-07-24 14:43:42 | DB: excelinvestments | Host: localhost via TCP/IP | Loans fetched: 5 | ID: 1 Status: repaid | ID: 2 Status: repaid | ID: 3 Status: repaid | ID: 4 Status: repaid | ID: 5 Status: repaid
2025-07-24 14:43:43 | DB: excelinvestments | Host: localhost via TCP/IP | Loans fetched: 5 | ID: 1 Status: repaid | ID: 2 Status: repaid | ID: 3 Status: repaid | ID: 4 Status: repaid | ID: 5 Status: repaid
2025-07-24 14:43:44 | DB: excelinvestments | Host: localhost via TCP/IP | Loans fetched: 5 | ID: 1 Status: repaid | ID: 2 Status: repaid | ID: 3 Status: repaid | ID: 4 Status: repaid | ID: 5 Status: repaid
2025-07-24 14:44:55 | DB: excelinvestments | Host: localhost via TCP/IP | Loans fetched: 5 | ID: 1 Status: repaid | ID: 2 Status: repaid | ID: 3 Status: repaid | ID: 4 Status: repaid | ID: 5 Status: repaid
2025-07-24 14:44:57 | DB: excelinvestments | Host: localhost via TCP/IP | Loans fetched: 5 | ID: 1 Status: repaid | ID: 2 Status: repaid | ID: 3 Status: repaid | ID: 4 Status: repaid | ID: 5 Status: repaid
2025-07-24 14:44:58 | DB: excelinvestments | Host: localhost via TCP/IP | Loans fetched: 5 | ID: 1 Status: repaid | ID: 2 Status: repaid | ID: 3 Status: repaid | ID: 4 Status: repaid | ID: 5 Status: repaid
2025-07-24 14:44:59 | DB: excelinvestments | Host: localhost via TCP/IP | Loans fetched: 5 | ID: 1 Status: repaid | ID: 2 Status: repaid | ID: 3 Status: repaid | ID: 4 Status: repaid | ID: 5 Status: repaid
2025-07-24 14:45:00 | DB: excelinvestments | Host: localhost via TCP/IP | Loans fetched: 5 | ID: 1 Status: repaid | ID: 2 Status: repaid | ID: 3 Status: repaid | ID: 4 Status: repaid | ID: 5 Status: repaid
2025-07-24 14:47:10 | DB: excelinvestments | Host: localhost via TCP/IP | Loans fetched: 5 | ID: 1 Status: repaid | ID: 2 Status: repaid | ID: 3 Status: repaid | ID: 4 Status: repaid | ID: 5 Status: repaid
2025-07-24 14:47:14 | DB: excelinvestments | Host: localhost via TCP/IP | Loans fetched: 5 | ID: 1 Status: repaid | ID: 2 Status: repaid | ID: 3 Status: repaid | ID: 4 Status: repaid | ID: 5 Status: repaid
2025-07-24 14:47:39 | DB: excelinvestments | Host: localhost via TCP/IP | Loans fetched: 5 | ID: 1 Status: repaid | ID: 2 Status: repaid | ID: 3 Status: repaid | ID: 4 Status: repaid | ID: 5 Status: repaid
2025-07-24 14:48:00 | DB: excelinvestments | Host: localhost via TCP/IP | Loans fetched: 5 | ID: 1 Status: repaid | ID: 2 Status: repaid | ID: 3 Status: repaid | ID: 4 Status: repaid | ID: 5 Status: repaid
2025-07-24 14:50:26 | DB: excelinvestments | Host: localhost via TCP/IP | Loans fetched: 5 | ID: 1 Status: repaid | ID: 2 Status: repaid | ID: 3 Status: repaid | ID: 4 Status: repaid | ID: 5 Status: repaid
2025-07-24 14:50:37 | DB: excelinvestments | Host: localhost via TCP/IP | Loans fetched: 5 | ID: 1 Status: repaid | ID: 2 Status: repaid | ID: 3 Status: repaid | ID: 4 Status: repaid | ID: 5 Status: repaid
2025-07-24 14:51:16 | DB: excelinvestments | Host: localhost via TCP/IP | Loans fetched: 5 | ID: 1 Status: repaid | ID: 2 Status: repaid | ID: 3 Status: repaid | ID: 4 Status: repaid | ID: 5 Status: repaid
2025-07-24 15:20:55 | DB: excelinvestments | Host: localhost via TCP/IP | Loans fetched: 5 | ID: 1 Status: repaid | ID: 2 Status: repaid | ID: 3 Status: repaid | ID: 4 Status: repaid | ID: 5 Status: repaid
2025-07-24 15:22:42 | DB: excelinvestments | Host: localhost via TCP/IP | Loans fetched: 5 | ID: 1 Status: repaid | ID: 2 Status: repaid | ID: 3 Status: repaid | ID: 4 Status: repaid | ID: 5 Status: repaid
2025-07-24 15:40:22 | DB: excelinvestments | Host: localhost via TCP/IP | Loans fetched: 5 | ID: 1 Status: repaid | ID: 2 Status: repaid | ID: 3 Status: repaid | ID: 4 Status: repaid | ID: 5 Status: repaid
2025-07-24 15:43:51 | DB: excelinvestments | Host: localhost via TCP/IP | Loans fetched: 5 | ID: 1 Status: repaid | ID: 2 Status: repaid | ID: 3 Status: repaid | ID: 4 Status: repaid | ID: 5 Status: repaid
2025-07-24 15:43:54 | DB: excelinvestments | Host: localhost via TCP/IP | Loans fetched: 5 | ID: 1 Status: repaid | ID: 2 Status: repaid | ID: 3 Status: repaid | ID: 4 Status: repaid | ID: 5 Status: repaid
2025-07-24 15:46:09 | DB: excelinvestments | Host: localhost via TCP/IP | Loans fetched: 5 | ID: 1 Status: repaid | ID: 2 Status: repaid | ID: 3 Status: repaid | ID: 4 Status: repaid | ID: 5 Status: repaid
2025-07-24 15:46:11 | DB: excelinvestments | Host: localhost via TCP/IP | Loans fetched: 5 | ID: 1 Status: repaid | ID: 2 Status: repaid | ID: 3 Status: repaid | ID: 4 Status: repaid | ID: 5 Status: repaid
2025-07-24 15:48:03 | DB: excelinvestments | Host: localhost via TCP/IP | Loans fetched: 5 | ID: 1 Status: repaid | ID: 2 Status: repaid | ID: 3 Status: repaid | ID: 4 Status: repaid | ID: 5 Status: repaid
2025-07-24 15:48:07 | DB: excelinvestments | Host: localhost via TCP/IP | Loans fetched: 5 | ID: 1 Status: repaid | ID: 2 Status: repaid | ID: 3 Status: repaid | ID: 4 Status: repaid | ID: 5 Status: repaid
2025-07-24 15:48:14 | DB: excelinvestments | Host: localhost via TCP/IP | Loans fetched: 5 | ID: 1 Status: repaid | ID: 2 Status: repaid | ID: 3 Status: repaid | ID: 4 Status: repaid | ID: 5 Status: repaid
2025-07-24 15:54:09 | DB: excelinvestments | Host: localhost via TCP/IP | Loans fetched: 5 | ID: 1 Status: repaid | ID: 2 Status: repaid | ID: 3 Status: repaid | ID: 4 Status: repaid | ID: 5 Status: repaid
2025-07-24 15:56:18 | DB: excelinvestments | Host: localhost via TCP/IP | Loans fetched: 5 | ID: 1 Status: repaid | ID: 2 Status: repaid | ID: 3 Status: repaid | ID: 4 Status: repaid | ID: 5 Status: repaid
2025-07-24 15:56:20 | DB: excelinvestments | Host: localhost via TCP/IP | Loans fetched: 5 | ID: 1 Status: repaid | ID: 2 Status: repaid | ID: 3 Status: repaid | ID: 4 Status: repaid | ID: 5 Status: repaid
2025-07-24 15:58:10 | DB: excelinvestments | Host: localhost via TCP/IP | Loans fetched: 5 | ID: 1 Status: repaid | ID: 2 Status: repaid | ID: 3 Status: repaid | ID: 4 Status: repaid | ID: 5 Status: repaid
2025-07-24 15:58:45 | DB: excelinvestments | Host: localhost via TCP/IP | Loans fetched: 5 | ID: 1 Status: repaid | ID: 2 Status: repaid | ID: 3 Status: repaid | ID: 4 Status: repaid | ID: 5 Status: repaid
2025-07-24 16:00:54 | DB: excelinvestments | Host: localhost via TCP/IP | Loans fetched: 5 | ID: 1 Status: repaid | ID: 2 Status: repaid | ID: 3 Status: repaid | ID: 4 Status: repaid | ID: 5 Status: repaid
2025-07-24 16:00:55 | DB: excelinvestments | Host: localhost via TCP/IP | Loans fetched: 5 | ID: 1 Status: repaid | ID: 2 Status: repaid | ID: 3 Status: repaid | ID: 4 Status: repaid | ID: 5 Status: repaid
2025-07-24 16:00:56 | DB: excelinvestments | Host: localhost via TCP/IP | Loans fetched: 5 | ID: 1 Status: repaid | ID: 2 Status: repaid | ID: 3 Status: repaid | ID: 4 Status: repaid | ID: 5 Status: repaid
2025-07-24 16:21:42 | DB: excelinvestments | Host: localhost via TCP/IP | Loans fetched: 5 | ID: 1 Status: repaid | ID: 2 Status: repaid | ID: 3 Status: repaid | ID: 4 Status: repaid | ID: 5 Status: repaid
2025-07-24 16:22:15 | DB: excelinvestments | Host: localhost via TCP/IP | Loans fetched: 5 | ID: 1 Status: repaid | ID: 2 Status: repaid | ID: 3 Status: repaid | ID: 4 Status: repaid | ID: 5 Status: repaid
2025-07-24 16:24:53 | DB: excelinvestments | Host: localhost via TCP/IP | Loans fetched: 5 | ID: 1 Status: repaid | ID: 2 Status: repaid | ID: 3 Status: repaid | ID: 4 Status: repaid | ID: 5 Status: repaid
2025-07-24 16:31:36 | DB: excelinvestments | Host: localhost via TCP/IP | Loans fetched: 6 | ID: 1 Status: repaid | ID: 2 Status: repaid | ID: 3 Status: repaid | ID: 4 Status: repaid | ID: 5 Status: repaid | ID: 6 Status: pending
2025-07-24 16:31:44 | DB: excelinvestments | Host: localhost via TCP/IP | Loans fetched: 6 | ID: 1 Status: repaid | ID: 2 Status: repaid | ID: 3 Status: repaid | ID: 4 Status: repaid | ID: 5 Status: repaid | ID: 6 Status: active
2025-07-24 16:32:23 | DB: excelinvestments | Host: localhost via TCP/IP | Loans fetched: 6 | ID: 1 Status: repaid | ID: 2 Status: repaid | ID: 3 Status: repaid | ID: 4 Status: repaid | ID: 5 Status: repaid | ID: 6 Status: active
2025-07-24 20:34:49 | DB: excelinvestments | Host: localhost via TCP/IP | Loans fetched: 6 | ID: 1 Status: repaid | ID: 2 Status: repaid | ID: 3 Status: repaid | ID: 4 Status: repaid | ID: 5 Status: repaid | ID: 6 Status: active
2025-07-24 20:45:36 | DB: excelinvestments | Host: localhost via TCP/IP | Loans fetched: 6 | ID: 1 Status: repaid | ID: 2 Status: repaid | ID: 3 Status: repaid | ID: 4 Status: repaid | ID: 5 Status: repaid | ID: 6 Status: active
2025-07-24 21:15:46 | DB: excelinvestments | Host: localhost via TCP/IP | Loans fetched: 6 | ID: 1 Status: repaid | ID: 2 Status: repaid | ID: 3 Status: repaid | ID: 4 Status: repaid | ID: 5 Status: repaid | ID: 6 Status: active
2025-07-26 20:25:20 | DB: excelinvestments | Host: localhost via TCP/IP | Loans fetched: 6 | ID: 1 Status: repaid | ID: 2 Status: repaid | ID: 3 Status: repaid | ID: 4 Status: repaid | ID: 5 Status: repaid | ID: 6 Status: active
2025-07-26 20:33:33 | DB: excelinvestments | Host: localhost via TCP/IP | Loans fetched: 6 | ID: 1 Status: repaid | ID: 2 Status: repaid | ID: 3 Status: repaid | ID: 4 Status: repaid | ID: 5 Status: repaid | ID: 6 Status: active
2025-07-26 20:35:47 | DB: excelinvestments | Host: localhost via TCP/IP | Loans fetched: 6 | ID: 1 Status: repaid | ID: 2 Status: repaid | ID: 3 Status: repaid | ID: 4 Status: repaid | ID: 5 Status: repaid | ID: 6 Status: active
2025-07-26 20:54:01 | DB: excelinvestments | Host: localhost via TCP/IP | Loans fetched: 6 | ID: 1 Status: repaid | ID: 2 Status: repaid | ID: 3 Status: repaid | ID: 4 Status: repaid | ID: 5 Status: repaid | ID: 6 Status: active
2025-07-26 20:56:51 | DB: excelinvestments | Host: localhost via TCP/IP | Loans fetched: 6 | ID: 1 Status: repaid | ID: 2 Status: repaid | ID: 3 Status: repaid | ID: 4 Status: repaid | ID: 5 Status: repaid | ID: 6 Status: active
2025-07-26 20:56:52 | DB: excelinvestments | Host: localhost via TCP/IP | Loans fetched: 6 | ID: 1 Status: repaid | ID: 2 Status: repaid | ID: 3 Status: repaid | ID: 4 Status: repaid | ID: 5 Status: repaid | ID: 6 Status: active
2025-07-26 21:21:44 | DB: excelinvestments | Host: localhost via TCP/IP | Loans fetched: 7 | ID: 1 Status: repaid | ID: 2 Status: repaid | ID: 3 Status: repaid | ID: 4 Status: repaid | ID: 5 Status: repaid | ID: 6 Status: active | ID: 7 Status: pending
2025-07-26 21:21:57 | DB: excelinvestments | Host: localhost via TCP/IP | Loans fetched: 7 | ID: 1 Status: repaid | ID: 2 Status: repaid | ID: 3 Status: repaid | ID: 4 Status: repaid | ID: 5 Status: repaid | ID: 6 Status: active | ID: 7 Status: active
2025-07-27 02:45:47 | DB: excelinvestments | Host: localhost via TCP/IP | Loans fetched: 7 | ID: 1 Status: repaid | ID: 2 Status: repaid | ID: 3 Status: repaid | ID: 4 Status: repaid | ID: 5 Status: repaid | ID: 6 Status: active | ID: 7 Status: active
2025-07-27 03:13:10 | DB: excelinvestments | Host: localhost via TCP/IP | Loans fetched: 7 | ID: 1 Status: repaid | ID: 2 Status: repaid | ID: 3 Status: repaid | ID: 4 Status: repaid | ID: 5 Status: repaid | ID: 6 Status: active | ID: 7 Status: active
2025-07-27 03:20:19 | DB: excelinvestments | Host: localhost via TCP/IP | Loans fetched: 7 | ID: 1 Status: repaid | ID: 2 Status: repaid | ID: 3 Status: repaid | ID: 4 Status: repaid | ID: 5 Status: repaid | ID: 6 Status: active | ID: 7 Status: active
2025-07-27 03:30:28 | DB: excelinvestments | Host: localhost via TCP/IP | Loans fetched: 7 | ID: 1 Status: repaid | ID: 2 Status: repaid | ID: 3 Status: repaid | ID: 4 Status: repaid | ID: 5 Status: repaid | ID: 6 Status: active | ID: 7 Status: active
2025-07-31 18:47:45 | DB: excelinvestments | Host: localhost via TCP/IP | Loans fetched: 7 | ID: 1 Status: repaid | ID: 2 Status: repaid | ID: 3 Status: repaid | ID: 4 Status: repaid | ID: 5 Status: repaid | ID: 6 Status: active | ID: 7 Status: active
2025-07-31 19:25:39 | DB: excelinvestments | Host: localhost via TCP/IP | Loans fetched: 7 | ID: 1 Status: repaid | ID: 2 Status: repaid | ID: 3 Status: repaid | ID: 4 Status: repaid | ID: 5 Status: repaid | ID: 6 Status: active | ID: 7 Status: active
2025-08-05 16:30:15 | DB: excelinvestments | Host: localhost via TCP/IP | Loans fetched: 7 | ID: 1 Status: repaid | ID: 2 Status: repaid | ID: 3 Status: repaid | ID: 4 Status: repaid | ID: 5 Status: repaid | ID: 6 Status: active | ID: 7 Status: active
2025-08-05 16:37:55 | DB: excelinvestments | Host: localhost via TCP/IP | Loans fetched: 7 | ID: 1 Status: repaid | ID: 2 Status: repaid | ID: 3 Status: repaid | ID: 4 Status: repaid | ID: 5 Status: repaid | ID: 6 Status: active | ID: 7 Status: active
2025-08-05 16:39:06 | DB: excelinvestments | Host: localhost via TCP/IP | Loans fetched: 7 | ID: 1 Status: repaid | ID: 2 Status: repaid | ID: 3 Status: repaid | ID: 4 Status: repaid | ID: 5 Status: repaid | ID: 6 Status: active | ID: 7 Status: active
2025-08-06 00:31:02 | DB: excelinvestments | Host: localhost via TCP/IP | Loans fetched: 7 | ID: 1 Status: repaid | ID: 2 Status: repaid | ID: 3 Status: repaid | ID: 4 Status: repaid | ID: 5 Status: repaid | ID: 6 Status: active | ID: 7 Status: active
2025-08-06 00:35:14 | DB: excelinvestments | Host: localhost via TCP/IP | Loans fetched: 7 | ID: 1 Status: repaid | ID: 2 Status: repaid | ID: 3 Status: repaid | ID: 4 Status: repaid | ID: 5 Status: repaid | ID: 6 Status: active | ID: 7 Status: active
2025-08-06 00:48:04 | DB: excelinvestments | Host: localhost via TCP/IP | Loans fetched: 7 | ID: 1 Status: repaid | ID: 2 Status: repaid | ID: 3 Status: repaid | ID: 4 Status: repaid | ID: 5 Status: repaid | ID: 6 Status: active | ID: 7 Status: active
2025-08-06 01:05:09 | DB: excelinvestments | Host: localhost via TCP/IP | Loans fetched: 7 | ID: 1 Status: repaid | ID: 2 Status: repaid | ID: 3 Status: repaid | ID: 4 Status: repaid | ID: 5 Status: repaid | ID: 6 Status: active | ID: 7 Status: active
2025-08-06 01:16:34 | DB: excelinvestments | Host: localhost via TCP/IP | Loans fetched: 7 | ID: 1 Status: repaid | ID: 2 Status: repaid | ID: 3 Status: repaid | ID: 4 Status: repaid | ID: 5 Status: repaid | ID: 6 Status: active | ID: 7 Status: active
2025-08-06 06:42:27 | DB: excelinvestments | Host: localhost via TCP/IP | Loans fetched: 9 | ID: 1 Status: repaid | ID: 2 Status: repaid | ID: 3 Status: repaid | ID: 4 Status: repaid | ID: 5 Status: repaid | ID: 6 Status: active | ID: 7 Status: active | ID: 8 Status: pending | ID: 9 Status: pending
2025-08-06 06:42:47 | DB: excelinvestments | Host: localhost via TCP/IP | Loans fetched: 9 | ID: 1 Status: repaid | ID: 2 Status: repaid | ID: 3 Status: repaid | ID: 4 Status: repaid | ID: 5 Status: repaid | ID: 6 Status: active | ID: 7 Status: active | ID: 8 Status: pending | ID: 9 Status: active
2025-08-07 16:10:24 | DB: excelinvestments | Host: localhost via TCP/IP | Loans fetched: 9 | ID: 1 Status: repaid | ID: 2 Status: repaid | ID: 3 Status: repaid | ID: 4 Status: repaid | ID: 5 Status: repaid | ID: 6 Status: active | ID: 7 Status: active | ID: 8 Status: pending | ID: 9 Status: active
2025-08-12 19:50:22 | DB: excelinvestments | Host: localhost via TCP/IP | Loans fetched: 10 | ID: 1 Status: repaid | ID: 2 Status: repaid | ID: 3 Status: repaid | ID: 4 Status: repaid | ID: 5 Status: repaid | ID: 6 Status: active | ID: 7 Status: active | ID: 8 Status: pending | ID: 9 Status: active | ID: 10 Status: pending
2025-08-12 19:50:34 | DB: excelinvestments | Host: localhost via TCP/IP | Loans fetched: 10 | ID: 1 Status: repaid | ID: 2 Status: repaid | ID: 3 Status: repaid | ID: 4 Status: repaid | ID: 5 Status: repaid | ID: 6 Status: active | ID: 7 Status: active | ID: 8 Status: pending | ID: 9 Status: active | ID: 10 Status: active
2025-08-12 19:56:35 | DB: excelinvestments | Host: localhost via TCP/IP | Loans fetched: 10 | ID: 1 Status: repaid | ID: 2 Status: repaid | ID: 3 Status: repaid | ID: 4 Status: repaid | ID: 5 Status: repaid | ID: 6 Status: active | ID: 7 Status: active | ID: 8 Status: pending | ID: 9 Status: active | ID: 10 Status: active
2025-08-12 19:57:50 | DB: excelinvestments | Host: localhost via TCP/IP | Loans fetched: 10 | ID: 1 Status: repaid | ID: 2 Status: repaid | ID: 3 Status: repaid | ID: 4 Status: repaid | ID: 5 Status: repaid | ID: 6 Status: active | ID: 7 Status: active | ID: 8 Status: pending | ID: 9 Status: active | ID: 10 Status: active
2025-08-16 15:34:35 | DB: excelinvestments | Host: localhost via TCP/IP | Loans fetched: 10 | ID: 1 Status: repaid | ID: 2 Status: repaid | ID: 3 Status: repaid | ID: 4 Status: repaid | ID: 5 Status: repaid | ID: 6 Status: active | ID: 7 Status: active | ID: 8 Status: pending | ID: 9 Status: active | ID: 10 Status: active
2025-08-19 23:12:57 | DB: excelinvestments | Host: localhost via TCP/IP | Loans fetched: 10 | ID: 1 Status: repaid | ID: 2 Status: repaid | ID: 3 Status: repaid | ID: 4 Status: repaid | ID: 5 Status: repaid | ID: 6 Status: active | ID: 7 Status: active | ID: 8 Status: pending | ID: 9 Status: active | ID: 10 Status: active
2025-08-20 17:49:53 | DB: excelinvestments | Host: localhost via TCP/IP | Loans fetched: 0
2025-08-20 17:58:06 | DB: excelinvestments | Host: localhost via TCP/IP | Loans fetched: 1 | ID: 1 Status: pending
2025-08-22 20:43:34 | DB: excelinvestments | Host: localhost via TCP/IP | Loans fetched: 1 | ID: 1 Status: pending
2025-08-22 20:43:53 | DB: excelinvestments | Host: localhost via TCP/IP | Loans fetched: 1 | ID: 1 Status: active
2025-08-22 20:45:53 | DB: excelinvestments | Host: localhost via TCP/IP | Loans fetched: 1 | ID: 1 Status: active
2025-08-22 21:15:29 | DB: excelinvestments | Host: localhost via TCP/IP | Loans fetched: 1 | ID: 1 Status: active
2025-08-22 21:16:36 | DB: excelinvestments | Host: localhost via TCP/IP | Loans fetched: 1 | ID: 1 Status: active
2025-08-22 21:17:35 | DB: excelinvestments | Host: localhost via TCP/IP | Loans fetched: 1 | ID: 1 Status: active
2025-08-22 21:33:27 | DB: excelinvestments | Host: localhost via TCP/IP | Loans fetched: 2 | ID: 1 Status: active | ID: 2 Status: pending
2025-08-22 21:33:41 | DB: excelinvestments | Host: localhost via TCP/IP | Loans fetched: 2 | ID: 1 Status: active | ID: 2 Status: active
2025-08-22 21:34:56 | DB: excelinvestments | Host: localhost via TCP/IP | Loans fetched: 2 | ID: 1 Status: active | ID: 2 Status: active
