2025-07-16 05:23:45 Error: SQLSTATE[42S22]: Column not found: 1054 Unknown column 'registered' in 'field list'
2025-07-16 05:23:47 Error: SQLSTATE[42S22]: Column not found: 1054 Unknown column 'registered' in 'field list'
2025-07-16 05:25:57 Error: SQLSTATE[42S22]: Column not found: 1054 Unknown column 'created_at' in 'field list'
2025-07-16 05:25:59 Error: SQLSTATE[42S22]: Column not found: 1054 Unknown column 'created_at' in 'field list'
2025-07-16 05:26:00 Error: SQLSTATE[42S22]: Column not found: 1054 Unknown column 'created_at' in 'field list'
2025-07-16 05:26:13 Error: SQLSTATE[42S22]: Column not found: 1054 Unknown column 'created_at' in 'field list'
2025-07-16 05:26:15 Error: SQLSTATE[42S22]: Column not found: 1054 Unknown column 'created_at' in 'field list'
2025-07-16 05:27:18 Error: SQLSTATE[42S22]: Column not found: 1054 Unknown column 'created_at' in 'field list'
2025-07-16 05:27:20 Error: SQLSTATE[42S22]: Column not found: 1054 Unknown column 'created_at' in 'field list'
2025-07-16 05:31:57 Fetched users: 3
2025-07-16 05:31:57 Returned users JSON.
2025-07-16 05:32:02 Fetched users: 3
2025-07-16 05:32:02 Returned users JSON.
2025-07-16 05:34:29 Fetched users: 3
2025-07-16 05:34:29 Returned users JSON.
2025-07-16 05:35:03 Fetched users: 2
2025-07-16 05:35:03 Returned users JSON.
2025-07-16 05:38:10 Fetched users: 2
2025-07-16 05:38:10 Returned users JSON.
2025-07-16 05:38:15 Fetched users: 2
2025-07-16 05:38:15 Returned users JSON.
2025-07-16 05:42:17 Fetched users: 2
2025-07-16 05:42:17 Returned users JSON.
2025-07-16 05:42:19 Fetched users: 2
2025-07-16 05:42:19 Returned users JSON.
2025-07-16 05:46:37 Fetched users: 2
2025-07-16 05:46:37 Returned users JSON.
2025-07-16 05:46:38 Fetched users: 2
2025-07-16 05:46:38 Returned users JSON.
2025-07-16 05:46:52 Fetched users: 2
2025-07-16 05:46:52 Returned users JSON.
2025-07-16 05:46:54 Fetched users: 2
2025-07-16 05:46:54 Returned users JSON.
2025-07-16 05:50:20 Fetched users: 2
2025-07-16 05:50:20 Returned users JSON.
2025-07-16 05:53:10 Fetched users: 2
2025-07-16 05:53:10 Returned users JSON.
2025-07-16 05:53:16 Fetched users: 2
2025-07-16 05:53:16 Returned users JSON.
2025-07-16 05:53:32 Fetched users: 2
2025-07-16 05:53:32 Returned users JSON.
2025-07-16 05:57:45 Unauthorized access. Session: {"csrf_token":"36b4a9b1067456ef6067832d92477cf6fe02052be6edd84ed95c5948c1c648fe","success":"Registration successful! Redirecting...","username":"Agu Chinedu"}
2025-07-16 06:29:24 Fetched users: 2
2025-07-16 06:29:24 Returned users JSON.
2025-07-16 06:29:37 Fetched users: 2
2025-07-16 06:29:37 Returned users JSON.
2025-07-16 06:39:08 Fetched users: 2
2025-07-16 06:39:08 Returned users JSON.
2025-07-16 06:43:24 Fetched users: 2
2025-07-16 06:43:24 Returned users JSON.
2025-07-16 06:46:03 Fetched users: 2
2025-07-16 06:46:03 Returned users JSON.
2025-07-16 06:46:24 Fetched users: 2
2025-07-16 06:46:24 Returned users JSON.
2025-07-16 06:47:24 Fetched users: 2
2025-07-16 06:47:24 Returned users JSON.
2025-07-16 06:47:30 Fetched users: 2
2025-07-16 06:47:30 Returned users JSON.
2025-07-16 06:48:04 Fetched users: 2
2025-07-16 06:48:04 Returned users JSON.
2025-07-16 06:55:18 Fetched users: 2
2025-07-16 06:55:18 Returned users JSON.
2025-07-16 06:58:58 Unauthorized access. Session: {"csrf_token":"36b4a9b1067456ef6067832d92477cf6fe02052be6edd84ed95c5948c1c648fe","success":"Registration successful! Redirecting...","username":"Agu Chinedu"}
2025-07-16 06:59:08 Unauthorized access. Session: {"csrf_token":"36b4a9b1067456ef6067832d92477cf6fe02052be6edd84ed95c5948c1c648fe","success":"Registration successful! Redirecting...","username":"Agu Chinedu"}
2025-07-16 07:01:24 Fetched users: 2
2025-07-16 07:01:24 Returned users JSON.
2025-07-16 07:10:17 Fetched users: 2
2025-07-16 07:10:17 Returned users JSON.
2025-07-16 07:10:27 Fetched users: 2
2025-07-16 07:10:27 Returned users JSON.
2025-07-16 07:12:00 Fetched users: 2
2025-07-16 07:12:00 Returned users JSON.
2025-07-16 13:11:05 Fetched users: 2
2025-07-16 13:11:05 Returned users JSON.
2025-07-16 13:13:18 Unauthorized access. Session: {"username":"Agu Chinedu","csrf_token":"80f9a1b4c6afed615f5c2f714d4c8e5f286eb5c1e7379b1e14a72c838f63f138"}
2025-07-16 13:13:21 Unauthorized access. Session: {"username":"Agu Chinedu","csrf_token":"80f9a1b4c6afed615f5c2f714d4c8e5f286eb5c1e7379b1e14a72c838f63f138"}
2025-07-16 13:13:28 Fetched users: 2
2025-07-16 13:13:29 Returned users JSON.
2025-07-16 13:13:30 Fetched users: 2
2025-07-16 13:13:30 Returned users JSON.
2025-07-16 13:16:33 Fetched users: 2
2025-07-16 13:16:33 Returned users JSON.
2025-07-16 13:18:51 Fetched users: 2
2025-07-16 13:18:51 Returned users JSON.
2025-07-16 13:20:09 Fetched users: 2
2025-07-16 13:20:09 Returned users JSON.
2025-07-16 13:20:47 Fetched users: 2
2025-07-16 13:20:47 Returned users JSON.
2025-07-16 13:20:57 Fetched users: 2
2025-07-16 13:20:57 Returned users JSON.
2025-07-16 13:20:58 Fetched users: 2
2025-07-16 13:20:58 Returned users JSON.
2025-07-16 13:20:58 Fetched users: 2
2025-07-16 13:20:58 Returned users JSON.
2025-07-16 13:20:59 Fetched users: 2
2025-07-16 13:20:59 Returned users JSON.
2025-07-16 13:21:00 Fetched users: 2
2025-07-16 13:21:00 Returned users JSON.
2025-07-16 13:22:19 Fetched users: 2
2025-07-16 13:22:19 Returned users JSON.
2025-07-16 13:22:20 Fetched users: 2
2025-07-16 13:22:20 Returned users JSON.
2025-07-16 13:22:26 Fetched users: 2
2025-07-16 13:22:26 Returned users JSON.
2025-07-16 13:22:27 Fetched users: 2
2025-07-16 13:22:27 Returned users JSON.
2025-07-16 13:22:28 Fetched users: 2
2025-07-16 13:22:28 Returned users JSON.
2025-07-16 13:22:32 Fetched users: 2
2025-07-16 13:22:32 Returned users JSON.
2025-07-16 13:23:26 Fetched users: 2
2025-07-16 13:23:26 Returned users JSON.
2025-07-16 13:23:31 Fetched users: 2
2025-07-16 13:23:31 Returned users JSON.
2025-07-16 13:24:31 Fetched users: 2
2025-07-16 13:24:31 Returned users JSON.
2025-07-16 13:24:32 Fetched users: 2
2025-07-16 13:24:32 Returned users JSON.
2025-07-16 13:24:33 Fetched users: 2
2025-07-16 13:24:33 Returned users JSON.
2025-07-16 13:27:28 Fetched users: 2
2025-07-16 13:27:28 Returned users JSON.
2025-07-16 14:20:04 Fetched users: 2
2025-07-16 14:20:04 Returned users JSON.
2025-07-16 14:20:09 Fetched users: 2
2025-07-16 14:20:09 Returned users JSON.
2025-07-16 14:23:53 Fetched users: 2
2025-07-16 14:23:53 Returned users JSON.
2025-07-16 14:23:55 Fetched users: 2
2025-07-16 14:23:55 Returned users JSON.
2025-07-16 15:29:36 Fetched users: 2
2025-07-16 15:29:36 Returned users JSON.
2025-07-16 15:29:53 Fetched users: 2
2025-07-16 15:29:53 Returned users JSON.
2025-07-16 23:32:34 Fetched users: 2
2025-07-16 23:32:34 Returned users JSON.
2025-07-16 23:32:37 Fetched users: 2
2025-07-16 23:32:37 Returned users JSON.
2025-07-17 00:50:26 Fetched users: 2
2025-07-17 00:50:26 Returned users JSON.
2025-07-17 00:50:28 Fetched users: 2
2025-07-17 00:50:28 Returned users JSON.
2025-07-17 01:51:03 Fetched users: 2
2025-07-17 01:51:03 Returned users JSON.
2025-07-17 03:00:40 Fetched users: 2
2025-07-17 03:00:40 Returned users JSON.
2025-07-17 03:00:43 Fetched users: 2
2025-07-17 03:00:43 Returned users JSON.
2025-07-17 03:01:36 Fetched users: 2
2025-07-17 03:01:36 Returned users JSON.
2025-07-17 03:02:46 Fetched users: 2
2025-07-17 03:02:46 Returned users JSON.
2025-07-17 03:02:51 Fetched users: 2
2025-07-17 03:02:51 Returned users JSON.
2025-07-17 03:09:52 Fetched users: 2
2025-07-17 03:09:52 Returned users JSON.
2025-07-17 03:10:35 Fetched users: 2
2025-07-17 03:10:35 Returned users JSON.
2025-07-17 03:18:46 Fetched users: 2
2025-07-17 03:18:46 Returned users JSON.
2025-07-17 04:03:41 Fetched users: 2
2025-07-17 04:03:41 Returned users JSON.
2025-07-17 04:04:21 Fetched users: 2
2025-07-17 04:04:21 Returned users JSON.
2025-07-17 04:04:26 Fetched users: 2
2025-07-17 04:04:26 Returned users JSON.
2025-07-17 05:07:29 Fetched users: 2
2025-07-17 05:07:29 Returned users JSON.
2025-07-17 06:54:06 Fetched users: 2
2025-07-17 06:54:06 Returned users JSON.
2025-07-17 06:54:07 Fetched users: 2
2025-07-17 06:54:07 Returned users JSON.
2025-07-17 08:03:13 Fetched users: 2
2025-07-17 08:03:13 Returned users JSON.
2025-07-17 08:03:15 Fetched users: 2
2025-07-17 08:03:15 Returned users JSON.
2025-07-17 09:13:50 Fetched users: 2
2025-07-17 09:13:50 Returned users JSON.
2025-07-17 09:14:02 Fetched users: 2
2025-07-17 09:14:02 Returned users JSON.
2025-07-17 09:14:05 Fetched users: 2
2025-07-17 09:14:05 Returned users JSON.
2025-07-17 09:19:21 Fetched users: 2
2025-07-17 09:19:21 Returned users JSON.
2025-07-17 09:19:34 Fetched users: 2
2025-07-17 09:19:34 Returned users JSON.
2025-07-17 09:21:33 Fetched users: 2
2025-07-17 09:21:33 Returned users JSON.
2025-07-17 09:21:35 Fetched users: 2
2025-07-17 09:21:35 Returned users JSON.
2025-07-17 09:42:24 Unauthorized access. Session: {"csrf_token":"556dff7ba047693ed8f70c659208884a4a5d8e2a6e560909f3c17a1e255c67d2","username":"Agu Chinedu"}
2025-07-17 09:42:26 Unauthorized access. Session: {"csrf_token":"556dff7ba047693ed8f70c659208884a4a5d8e2a6e560909f3c17a1e255c67d2","username":"Agu Chinedu"}
2025-07-17 09:42:44 Unauthorized access. Session: {"csrf_token":"556dff7ba047693ed8f70c659208884a4a5d8e2a6e560909f3c17a1e255c67d2","username":"Agu Chinedu"}
2025-07-17 09:42:47 Unauthorized access. Session: {"csrf_token":"556dff7ba047693ed8f70c659208884a4a5d8e2a6e560909f3c17a1e255c67d2","username":"Agu Chinedu"}
2025-07-17 09:42:51 Unauthorized access. Session: {"csrf_token":"556dff7ba047693ed8f70c659208884a4a5d8e2a6e560909f3c17a1e255c67d2","username":"Agu Chinedu"}
2025-07-17 14:48:25 Fetched users: 2
2025-07-17 14:48:25 Returned users JSON.
2025-07-17 14:48:30 Fetched users: 2
2025-07-17 14:48:30 Returned users JSON.
2025-07-17 15:35:16 Unauthorized access. Session: {"csrf_token":"556dff7ba047693ed8f70c659208884a4a5d8e2a6e560909f3c17a1e255c67d2","username":"Agu Chinedu"}
2025-07-17 15:35:19 Unauthorized access. Session: {"csrf_token":"556dff7ba047693ed8f70c659208884a4a5d8e2a6e560909f3c17a1e255c67d2","username":"Agu Chinedu"}
2025-07-17 16:27:23 Fetched users: 2
2025-07-17 16:27:23 Returned users JSON.
2025-07-17 16:27:27 Fetched users: 2
2025-07-17 16:27:27 Returned users JSON.
2025-07-17 16:27:28 Fetched users: 2
2025-07-17 16:27:28 Returned users JSON.
2025-07-17 16:27:55 Fetched users: 2
2025-07-17 16:27:55 Returned users JSON.
2025-07-17 16:27:56 Fetched users: 2
2025-07-17 16:27:56 Returned users JSON.
2025-07-17 16:40:14 Fetched users: 2
2025-07-17 16:40:14 Returned users JSON.
2025-07-17 16:40:17 Fetched users: 2
2025-07-17 16:40:17 Returned users JSON.
2025-07-17 16:40:38 Fetched users: 2
2025-07-17 16:40:38 Returned users JSON.
2025-07-17 16:41:47 Fetched users: 2
2025-07-17 16:41:47 Returned users JSON.
2025-07-17 16:41:48 Fetched users: 2
2025-07-17 16:41:48 Returned users JSON.
2025-07-17 16:46:42 Fetched users: 2
2025-07-17 16:46:42 Returned users JSON.
2025-07-17 16:46:43 Fetched users: 2
2025-07-17 16:46:43 Returned users JSON.
2025-07-17 16:46:44 Fetched users: 2
2025-07-17 16:46:44 Returned users JSON.
2025-07-17 16:46:45 Fetched users: 2
2025-07-17 16:46:45 Returned users JSON.
2025-07-17 16:46:48 Fetched users: 2
2025-07-17 16:46:48 Returned users JSON.
2025-07-17 16:49:33 Fetched users: 2
2025-07-17 16:49:33 Returned users JSON.
2025-07-17 16:49:35 Fetched users: 2
2025-07-17 16:49:35 Returned users JSON.
2025-07-17 16:49:37 Fetched users: 2
2025-07-17 16:49:37 Returned users JSON.
2025-07-17 16:49:45 Fetched users: 2
2025-07-17 16:49:45 Returned users JSON.
2025-07-17 16:55:41 Fetched users: 2
2025-07-17 16:55:41 Returned users JSON.
2025-07-17 16:55:47 Fetched users: 2
2025-07-17 16:55:47 Returned users JSON.
2025-07-17 16:56:12 Fetched users: 2
2025-07-17 16:56:12 Returned users JSON.
2025-07-17 16:56:13 Fetched users: 2
2025-07-17 16:56:13 Returned users JSON.
2025-07-17 16:56:15 Fetched users: 2
2025-07-17 16:56:15 Returned users JSON.
2025-07-17 16:57:57 Fetched users: 2
2025-07-17 16:57:57 Returned users JSON.
2025-07-17 16:58:00 Fetched users: 2
2025-07-17 16:58:00 Returned users JSON.
2025-07-17 16:58:18 Fetched users: 2
2025-07-17 16:58:18 Returned users JSON.
2025-07-17 16:58:46 Fetched users: 2
2025-07-17 16:58:46 Returned users JSON.
2025-07-17 17:00:57 Fetched users: 2
2025-07-17 17:00:57 Returned users JSON.
2025-07-17 17:01:13 Fetched users: 2
2025-07-17 17:01:13 Returned users JSON.
2025-07-17 17:06:16 Fetched users: 2
2025-07-17 17:06:16 Returned users JSON.
2025-07-17 17:06:17 Fetched users: 2
2025-07-17 17:06:17 Returned users JSON.
2025-07-17 17:06:21 Fetched users: 2
2025-07-17 17:06:21 Returned users JSON.
2025-07-17 17:06:25 Fetched users: 2
2025-07-17 17:06:25 Returned users JSON.
2025-07-17 17:06:26 Fetched users: 2
2025-07-17 17:06:26 Returned users JSON.
2025-07-17 17:09:30 Fetched users: 2
2025-07-17 17:09:30 Returned users JSON.
2025-07-17 17:09:31 Fetched users: 2
2025-07-17 17:09:31 Returned users JSON.
2025-07-17 17:09:31 Fetched users: 2
2025-07-17 17:09:31 Returned users JSON.
2025-07-17 17:09:31 Fetched users: 2
2025-07-17 17:09:31 Returned users JSON.
2025-07-17 17:09:32 Fetched users: 2
2025-07-17 17:09:32 Returned users JSON.
2025-07-17 17:11:57 Fetched users: 2
2025-07-17 17:11:57 Returned users JSON.
2025-07-17 17:13:10 Fetched users: 2
2025-07-17 17:13:10 Returned users JSON.
2025-07-17 17:14:49 Fetched users: 2
2025-07-17 17:14:49 Returned users JSON.
2025-07-17 17:17:37 Fetched users: 2
2025-07-17 17:17:37 Returned users JSON.
2025-07-17 17:25:52 Fetched users: 2
2025-07-17 17:25:52 Returned users JSON.
2025-07-17 17:31:35 Fetched users: 2
2025-07-17 17:31:35 Returned users JSON.
2025-07-17 17:36:12 Fetched users: 2
2025-07-17 17:36:12 Returned users JSON.
2025-07-17 17:36:13 Fetched users: 2
2025-07-17 17:36:13 Returned users JSON.
2025-07-17 17:36:15 Fetched users: 2
2025-07-17 17:36:15 Returned users JSON.
2025-07-17 17:37:24 Fetched users: 2
2025-07-17 17:37:24 Returned users JSON.
2025-07-17 17:37:30 Fetched users: 2
2025-07-17 17:37:30 Returned users JSON.
2025-07-17 17:40:24 Fetched users: 2
2025-07-17 17:40:24 Returned users JSON.
2025-07-17 17:43:06 Fetched users: 2
2025-07-17 17:43:06 Returned users JSON.
2025-07-17 17:43:59 Fetched users: 2
2025-07-17 17:43:59 Returned users JSON.
2025-07-17 17:45:43 Fetched users: 2
2025-07-17 17:45:43 Returned users JSON.
2025-07-17 17:45:46 Fetched users: 2
2025-07-17 17:45:46 Returned users JSON.
2025-07-17 17:46:16 Fetched users: 2
2025-07-17 17:46:16 Returned users JSON.
2025-07-17 17:46:17 Fetched users: 2
2025-07-17 17:46:17 Returned users JSON.
2025-07-17 17:46:19 Fetched users: 2
2025-07-17 17:46:19 Returned users JSON.
2025-07-17 17:51:35 Fetched users: 2
2025-07-17 17:51:35 Returned users JSON.
2025-07-17 17:51:36 Fetched users: 2
2025-07-17 17:51:36 Returned users JSON.
2025-07-17 17:51:40 Fetched users: 2
2025-07-17 17:51:40 Returned users JSON.
2025-07-17 18:34:54 Fetched users: 2
2025-07-17 18:34:54 Returned users JSON.
2025-07-17 18:34:55 Fetched users: 2
2025-07-17 18:34:55 Returned users JSON.
2025-07-17 18:34:57 Fetched users: 2
2025-07-17 18:34:57 Returned users JSON.
2025-07-17 18:36:12 Fetched users: 2
2025-07-17 18:36:12 Returned users JSON.
2025-07-17 18:36:13 Fetched users: 2
2025-07-17 18:36:13 Returned users JSON.
2025-07-17 18:36:15 Fetched users: 2
2025-07-17 18:36:15 Returned users JSON.
2025-07-17 18:36:17 Fetched users: 2
2025-07-17 18:36:17 Returned users JSON.
2025-07-17 18:42:32 Fetched users: 2
2025-07-17 18:42:32 Returned users JSON.
2025-07-17 18:42:34 Fetched users: 2
2025-07-17 18:42:34 Returned users JSON.
2025-07-17 18:42:36 Fetched users: 2
2025-07-17 18:42:36 Returned users JSON.
2025-07-17 18:42:41 Fetched users: 2
2025-07-17 18:42:41 Returned users JSON.
2025-07-17 18:43:36 Fetched users: 2
2025-07-17 18:43:36 Returned users JSON.
2025-07-17 18:43:40 Fetched users: 2
2025-07-17 18:43:40 Returned users JSON.
2025-07-17 18:43:41 Fetched users: 2
2025-07-17 18:43:41 Returned users JSON.
2025-07-17 18:44:41 Fetched users: 2
2025-07-17 18:44:41 Returned users JSON.
2025-07-17 18:45:52 Fetched users: 2
2025-07-17 18:45:52 Returned users JSON.
2025-07-17 18:45:53 Fetched users: 2
2025-07-17 18:45:53 Returned users JSON.
2025-07-17 18:45:56 Returned user detail for id: 1
2025-07-17 18:46:00 Returned user detail for id: 2
2025-07-17 18:47:32 Fetched users: 2
2025-07-17 18:47:32 Returned users JSON.
2025-07-17 18:52:23 Fetched users: 2
2025-07-17 18:52:23 Returned users JSON.
2025-07-17 18:53:42 Fetched users: 2
2025-07-17 18:53:42 Returned users JSON.
2025-07-17 18:53:49 Fetched users: 2
2025-07-17 18:53:49 Returned users JSON.
2025-07-17 18:53:51 Fetched users: 2
2025-07-17 18:53:51 Returned users JSON.
2025-07-17 18:53:51 Fetched users: 2
2025-07-17 18:53:51 Returned users JSON.
2025-07-17 18:55:03 Fetched users: 2
2025-07-17 18:55:03 Returned users JSON.
2025-07-17 18:56:45 Fetched users: 2
2025-07-17 18:56:45 Returned users JSON.
2025-07-17 18:58:00 Fetched users: 2
2025-07-17 18:58:00 Returned users JSON.
2025-07-17 18:58:59 Fetched users: 2
2025-07-17 18:58:59 Returned users JSON.
2025-07-17 18:59:00 Fetched users: 2
2025-07-17 18:59:00 Returned users JSON.
2025-07-17 19:01:05 Fetched users: 2
2025-07-17 19:01:05 Returned users JSON.
2025-07-17 19:01:08 Fetched users: 2
2025-07-17 19:01:08 Returned users JSON.
2025-07-17 19:06:29 Fetched users: 2
2025-07-17 19:06:29 Returned users JSON.
2025-07-17 19:09:38 Fetched users: 2
2025-07-17 19:09:38 Returned users JSON.
2025-07-17 19:18:11 Fetched users: 2
2025-07-17 19:18:11 Returned users JSON.
2025-07-17 19:19:13 Fetched users: 2
2025-07-17 19:19:13 Returned users JSON.
2025-07-17 19:21:51 Fetched users: 2
2025-07-17 19:21:51 Returned users JSON.
2025-07-17 19:24:06 Fetched users: 2
2025-07-17 19:24:06 Returned users JSON.
2025-07-17 19:25:26 Fetched users: 2
2025-07-17 19:25:26 Returned users JSON.
2025-07-17 19:26:56 Fetched users: 2
2025-07-17 19:26:56 Returned users JSON.
2025-07-17 19:27:01 Fetched users: 2
2025-07-17 19:27:01 Returned users JSON.
2025-07-17 19:27:49 Fetched users: 2
2025-07-17 19:27:49 Returned users JSON.
2025-07-17 19:27:53 Fetched users: 2
2025-07-17 19:27:53 Returned users JSON.
2025-07-17 19:28:21 Fetched users: 2
2025-07-17 19:28:21 Returned users JSON.
2025-07-17 19:30:44 Fetched users: 2
2025-07-17 19:30:44 Returned users JSON.
2025-07-17 19:30:48 Fetched users: 2
2025-07-17 19:30:48 Returned users JSON.
2025-07-17 19:33:54 Fetched users: 2
2025-07-17 19:33:54 Returned users JSON.
2025-07-17 19:35:08 Fetched users: 2
2025-07-17 19:35:08 Returned users JSON.
2025-07-17 19:35:09 Fetched users: 2
2025-07-17 19:35:09 Returned users JSON.
2025-07-17 19:36:27 Fetched users: 2
2025-07-17 19:36:27 Returned users JSON.
2025-07-17 19:36:29 Fetched users: 2
2025-07-17 19:36:29 Returned users JSON.
2025-07-17 19:41:46 Unauthorized access. Session: {"csrf_token":"556dff7ba047693ed8f70c659208884a4a5d8e2a6e560909f3c17a1e255c67d2","username":"Agu Chinedu"}
2025-07-17 19:48:15 Unauthorized access. Session: {"csrf_token":"556dff7ba047693ed8f70c659208884a4a5d8e2a6e560909f3c17a1e255c67d2","username":"Agu Chinedu"}
2025-07-17 19:48:19 Unauthorized access. Session: {"csrf_token":"556dff7ba047693ed8f70c659208884a4a5d8e2a6e560909f3c17a1e255c67d2","username":"Agu Chinedu"}
2025-07-17 19:48:24 Unauthorized access. Session: {"csrf_token":"556dff7ba047693ed8f70c659208884a4a5d8e2a6e560909f3c17a1e255c67d2","username":"Agu Chinedu"}
2025-07-17 20:12:13 Fetched users: 2
2025-07-17 20:12:13 Returned users JSON.
2025-07-17 20:12:15 Fetched users: 2
2025-07-17 20:12:15 Returned users JSON.
2025-07-17 20:12:19 Fetched users: 2
2025-07-17 20:12:19 Returned users JSON.
2025-07-17 20:14:15 Fetched users: 2
2025-07-17 20:14:15 Returned users JSON.
2025-07-17 20:14:20 Fetched users: 2
2025-07-17 20:14:20 Returned users JSON.
2025-07-17 20:30:08 Fetched users: 2
2025-07-17 20:30:08 Returned users JSON.
2025-07-17 20:30:09 Fetched users: 2
2025-07-17 20:30:09 Returned users JSON.
2025-07-17 20:30:54 Fetched users: 2
2025-07-17 20:30:54 Returned users JSON.
2025-07-17 20:30:55 Fetched users: 2
2025-07-17 20:30:55 Returned users JSON.
2025-07-17 20:31:07 Fetched users: 2
2025-07-17 20:31:07 Returned users JSON.
2025-07-17 20:31:09 Returned user detail for id: 1
2025-07-17 20:31:45 Fetched users: 2
2025-07-17 20:31:45 Returned users JSON.
2025-07-17 20:31:48 Fetched users: 2
2025-07-17 20:31:48 Returned users JSON.
2025-07-17 20:32:25 Fetched users: 2
2025-07-17 20:32:25 Returned users JSON.
2025-07-17 20:37:07 Fetched users: 2
2025-07-17 20:37:07 Returned users JSON.
2025-07-17 20:56:10 Fetched users: 2
2025-07-17 20:56:10 Returned users JSON.
2025-07-17 20:56:15 Fetched users: 2
2025-07-17 20:56:15 Returned users JSON.
2025-07-17 21:38:00 Fetched users: 2
2025-07-17 21:38:00 Returned users JSON.
2025-07-17 21:38:21 Fetched users: 2
2025-07-17 21:38:21 Returned users JSON.
2025-07-17 21:54:58 Fetched users: 3
2025-07-17 21:54:58 Returned users JSON.
2025-07-17 21:55:11 Fetched users: 3
2025-07-17 21:55:11 Returned users JSON.
2025-07-17 22:33:56 Unauthorized access. Session: {"csrf_token":"556dff7ba047693ed8f70c659208884a4a5d8e2a6e560909f3c17a1e255c67d2","success":"Registration successful! Redirecting...","username":"Agu Chinedu"}
2025-07-17 23:00:52 Unauthorized access. Session: {"csrf_token":"556dff7ba047693ed8f70c659208884a4a5d8e2a6e560909f3c17a1e255c67d2","success":"Registration successful! Redirecting...","username":"Agu Chinedu"}
2025-07-17 23:00:53 Unauthorized access. Session: {"csrf_token":"556dff7ba047693ed8f70c659208884a4a5d8e2a6e560909f3c17a1e255c67d2","success":"Registration successful! Redirecting...","username":"Agu Chinedu"}
2025-07-17 23:01:02 Fetched users: 3
2025-07-17 23:01:02 Returned users JSON.
2025-07-17 23:01:04 Fetched users: 3
2025-07-17 23:01:04 Returned users JSON.
2025-07-17 23:02:08 Fetched users: 3
2025-07-17 23:02:08 Returned users JSON.
2025-07-17 23:13:02 Fetched users: 3
2025-07-17 23:13:02 Returned users JSON.
2025-07-18 02:04:23 Fetched users: 3
2025-07-18 02:04:23 Returned users JSON.
2025-07-18 02:04:26 Fetched users: 3
2025-07-18 02:04:26 Returned users JSON.
2025-07-18 02:04:45 Fetched users: 3
2025-07-18 02:04:45 Returned users JSON.
2025-07-18 02:06:21 Fetched users: 3
2025-07-18 02:06:21 Returned users JSON.
2025-07-18 02:15:16 Fetched users: 3
2025-07-18 02:15:16 Returned users JSON.
2025-07-18 02:17:18 Fetched users: 3
2025-07-18 02:17:18 Returned users JSON.
2025-07-18 20:45:37 Fetched users: 3
2025-07-18 20:45:37 Returned users JSON.
2025-07-18 20:45:39 Fetched users: 3
2025-07-18 20:45:39 Returned users JSON.
2025-07-18 20:46:34 Fetched users: 3
2025-07-18 20:46:34 Returned users JSON.
2025-07-18 20:47:07 Fetched users: 3
2025-07-18 20:47:07 Returned users JSON.
2025-07-18 20:48:22 Fetched users: 3
2025-07-18 20:48:22 Returned users JSON.
2025-07-18 22:59:21 Unauthorized access. Session: {"username":"Agu Chinedu","email":"aguchinedu25@gmail.com","phone":"07045628798"}
2025-07-18 22:59:25 Unauthorized access. Session: {"username":"Agu Chinedu","email":"aguchinedu25@gmail.com","phone":"07045628798"}
2025-07-19 15:58:05 Fetched users: 3
2025-07-19 15:58:05 Returned users JSON.
2025-07-19 15:58:07 Fetched users: 3
2025-07-19 15:58:07 Returned users JSON.
2025-07-19 16:01:14 Fetched users: 3
2025-07-19 16:01:14 Returned users JSON.
2025-07-19 17:05:09 Fetched users: 3
2025-07-19 17:05:09 Returned users JSON.
2025-07-19 17:05:14 Fetched users: 3
2025-07-19 17:05:14 Returned users JSON.
2025-07-19 18:20:23 Fetched users: 3
2025-07-19 18:20:23 Returned users JSON.
2025-07-19 18:22:39 Fetched users: 3
2025-07-19 18:22:39 Returned users JSON.
2025-07-19 18:24:12 Fetched users: 3
2025-07-19 18:24:12 Returned users JSON.
2025-07-19 18:24:39 Fetched users: 3
2025-07-19 18:24:39 Returned users JSON.
2025-07-19 18:25:38 Fetched users: 3
2025-07-19 18:25:38 Returned users JSON.
2025-07-19 18:27:55 Fetched users: 3
2025-07-19 18:27:55 Returned users JSON.
2025-07-19 18:27:56 Fetched users: 3
2025-07-19 18:27:56 Returned users JSON.
2025-07-19 18:56:06 Fetched users: 3
2025-07-19 18:56:06 Returned users JSON.
2025-07-19 18:56:15 Fetched users: 3
2025-07-19 18:56:15 Returned users JSON.
2025-07-19 18:56:23 Fetched users: 3
2025-07-19 18:56:23 Returned users JSON.
2025-07-19 18:56:31 Fetched users: 3
2025-07-19 18:56:31 Returned users JSON.
2025-07-19 19:05:18 Fetched users: 3
2025-07-19 19:05:18 Returned users JSON.
2025-07-19 19:07:55 Fetched users: 3
2025-07-19 19:07:55 Returned users JSON.
2025-07-19 19:07:56 Fetched users: 3
2025-07-19 19:07:56 Returned users JSON.
2025-07-19 19:09:05 Fetched users: 3
2025-07-19 19:09:05 Returned users JSON.
2025-07-19 19:12:26 Fetched users: 3
2025-07-19 19:12:26 Returned users JSON.
2025-07-19 19:12:37 Fetched users: 3
2025-07-19 19:12:37 Returned users JSON.
2025-07-19 19:12:37 Fetched users: 3
2025-07-19 19:12:37 Returned users JSON.
2025-07-19 19:13:38 Fetched users: 3
2025-07-19 19:13:38 Returned users JSON.
2025-07-19 19:16:19 Fetched users: 3
2025-07-19 19:16:19 Returned users JSON.
2025-07-19 19:30:55 Fetched users: 3
2025-07-19 19:30:55 Returned users JSON.
2025-07-19 19:35:49 Fetched users: 3
2025-07-19 19:35:49 Returned users JSON.
2025-07-19 19:37:26 Fetched users: 3
2025-07-19 19:37:26 Returned users JSON.
2025-07-19 19:37:26 Fetched users: 3
2025-07-19 19:37:26 Returned users JSON.
2025-07-19 19:37:27 Fetched users: 3
2025-07-19 19:37:27 Returned users JSON.
2025-07-19 19:37:27 Fetched users: 3
2025-07-19 19:37:27 Returned users JSON.
2025-07-19 19:37:27 Fetched users: 3
2025-07-19 19:37:27 Returned users JSON.
2025-07-19 19:37:27 Fetched users: 3
2025-07-19 19:37:27 Returned users JSON.
2025-07-20 15:42:01 Fetched users: 3
2025-07-20 15:42:01 Returned users JSON.
2025-07-20 16:01:32 Fetched users: 3
2025-07-20 16:01:32 Returned users JSON.
2025-07-20 16:12:56 Fetched users: 3
2025-07-20 16:12:56 Returned users JSON.
2025-07-20 16:21:30 Unauthorized access. Session: {"email":"aguchukwudi30@gmail.com","phone":"08164737930","username":"Austine Alvin"}
2025-07-20 16:28:42 Unauthorized access. Session: {"email":"aguchukwudi30@gmail.com","phone":"08164737930","username":"Austine Alvin"}
2025-07-20 16:28:43 Unauthorized access. Session: {"email":"aguchukwudi30@gmail.com","phone":"08164737930","username":"Austine Alvin"}
2025-07-20 16:28:44 Unauthorized access. Session: {"email":"aguchukwudi30@gmail.com","phone":"08164737930","username":"Austine Alvin"}
2025-07-20 16:28:44 Unauthorized access. Session: {"email":"aguchukwudi30@gmail.com","phone":"08164737930","username":"Austine Alvin"}
2025-07-20 16:28:53 Fetched users: 3
2025-07-20 16:28:53 Returned users JSON.
2025-07-20 16:28:55 Fetched users: 3
2025-07-20 16:28:55 Returned users JSON.
2025-07-20 16:29:01 Returned user detail for id: 1
2025-07-20 16:29:08 Returned user detail for id: 2
2025-07-20 16:34:06 Error: SQLSTATE[42S22]: Column not found: 1054 Unknown column 'role' in 'field list'
2025-07-20 16:42:40 Fetched users: 1
2025-07-20 16:42:40 Error: SQLSTATE[42S22]: Column not found: 1054 Unknown column 'username' in 'where clause'
2025-07-20 16:42:42 Fetched users: 1
2025-07-20 16:42:42 Error: SQLSTATE[42S22]: Column not found: 1054 Unknown column 'username' in 'where clause'
2025-07-20 16:42:48 Fetched users: 1
2025-07-20 16:42:48 Error: SQLSTATE[42S22]: Column not found: 1054 Unknown column 'username' in 'where clause'
2025-07-20 16:42:48 Fetched users: 1
2025-07-20 16:42:49 Error: SQLSTATE[42S22]: Column not found: 1054 Unknown column 'username' in 'where clause'
2025-07-20 16:42:49 Fetched users: 1
2025-07-20 16:42:49 Error: SQLSTATE[42S22]: Column not found: 1054 Unknown column 'username' in 'where clause'
2025-07-20 16:42:49 Fetched users: 1
2025-07-20 16:42:49 Error: SQLSTATE[42S22]: Column not found: 1054 Unknown column 'username' in 'where clause'
2025-07-20 16:42:49 Fetched users: 1
2025-07-20 16:42:49 Error: SQLSTATE[42S22]: Column not found: 1054 Unknown column 'username' in 'where clause'
2025-07-20 16:42:49 Fetched users: 1
2025-07-20 16:42:49 Error: SQLSTATE[42S22]: Column not found: 1054 Unknown column 'username' in 'where clause'
2025-07-20 16:42:49 Fetched users: 1
2025-07-20 16:42:49 Error: SQLSTATE[42S22]: Column not found: 1054 Unknown column 'username' in 'where clause'
2025-07-20 16:42:50 Fetched users: 1
2025-07-20 16:42:50 Error: SQLSTATE[42S22]: Column not found: 1054 Unknown column 'username' in 'where clause'
2025-07-20 16:45:27 Fetched users: 2
2025-07-20 16:45:27 Error: SQLSTATE[42S22]: Column not found: 1054 Unknown column 'username' in 'where clause'
2025-07-20 16:45:30 Fetched users: 2
2025-07-20 16:45:30 Error: SQLSTATE[42S22]: Column not found: 1054 Unknown column 'username' in 'where clause'
2025-07-20 16:46:18 Fetched users: 2
2025-07-20 16:46:18 Error: SQLSTATE[42S22]: Column not found: 1054 Unknown column 'username' in 'where clause'
2025-07-20 16:48:58 Fetched users: 2
2025-07-20 16:48:58 Error: SQLSTATE[42S22]: Column not found: 1054 Unknown column 'username' in 'where clause'
2025-07-20 16:49:51 Fetched users: 2
2025-07-20 16:49:51 Error: SQLSTATE[42S22]: Column not found: 1054 Unknown column 'username' in 'where clause'
2025-07-20 16:49:53 Fetched users: 2
2025-07-20 16:49:53 Error: SQLSTATE[42S22]: Column not found: 1054 Unknown column 'username' in 'where clause'
2025-07-20 16:55:11 Fetched users: 2
2025-07-20 16:55:11 Error: SQLSTATE[42S22]: Column not found: 1054 Unknown column 'username' in 'where clause'
2025-07-20 16:55:15 Fetched users: 2
2025-07-20 16:55:15 Error: SQLSTATE[42S22]: Column not found: 1054 Unknown column 'username' in 'where clause'
2025-07-20 16:55:18 Fetched users: 2
2025-07-20 16:55:18 Error: SQLSTATE[42S22]: Column not found: 1054 Unknown column 'username' in 'where clause'
2025-07-20 16:58:09 Fetched users: 2
2025-07-20 16:58:09 Returned users JSON.
2025-07-20 16:58:10 Fetched users: 2
2025-07-20 16:58:10 Returned users JSON.
2025-07-20 16:58:12 Fetched users: 2
2025-07-20 16:58:12 Returned users JSON.
2025-07-20 17:00:32 Fetched users: 2
2025-07-20 17:00:32 Returned users JSON.
2025-07-20 17:00:34 Fetched users: 2
2025-07-20 17:00:34 Returned users JSON.
2025-07-20 17:01:06 Fetched users: 2
2025-07-20 17:01:06 Returned users JSON.
2025-07-20 17:01:08 Fetched users: 2
2025-07-20 17:01:08 Returned users JSON.
2025-07-20 17:01:24 Fetched users: 2
2025-07-20 17:01:24 Returned users JSON.
2025-07-20 17:01:26 Fetched users: 2
2025-07-20 17:01:26 Returned users JSON.
2025-07-20 17:03:10 Fetched users: 2
2025-07-20 17:03:10 Returned users JSON.
2025-07-20 17:03:11 Fetched users: 2
2025-07-20 17:03:11 Returned users JSON.
2025-07-20 17:03:36 Fetched users: 2
2025-07-20 17:03:36 Returned users JSON.
2025-07-20 17:03:42 Fetched users: 2
2025-07-20 17:03:42 Returned users JSON.
2025-07-20 17:17:34 Fetched users: 2
2025-07-20 17:17:34 Returned users JSON.
2025-07-20 17:17:35 Fetched users: 2
2025-07-20 17:17:35 Returned users JSON.
2025-07-20 17:23:08 Fetched users: 2
2025-07-20 17:23:08 Returned users JSON.
2025-07-20 17:23:10 Fetched users: 2
2025-07-20 17:23:10 Returned users JSON.
2025-07-20 17:32:08 Fetched users: 2
2025-07-20 17:32:08 Returned users JSON.
2025-07-20 17:35:35 Fetched users: 2
2025-07-20 17:35:35 Returned users JSON.
2025-07-20 17:35:47 Fetched users: 2
2025-07-20 17:35:47 Returned users JSON.
2025-07-20 17:36:35 Fetched users: 2
2025-07-20 17:36:35 Returned users JSON.
2025-07-20 17:37:17 Fetched users: 2
2025-07-20 17:37:17 Returned users JSON.
2025-07-20 17:40:13 Fetched users: 2
2025-07-20 17:40:13 Returned users JSON.
2025-07-20 17:41:52 Fetched users: 2
2025-07-20 17:41:52 Returned users JSON.
2025-07-20 17:43:10 Fetched users: 2
2025-07-20 17:43:10 Returned users JSON.
2025-07-20 17:43:15 Fetched users: 2
2025-07-20 17:43:15 Returned users JSON.
2025-07-20 17:43:23 Fetched users: 2
2025-07-20 17:43:23 Returned users JSON.
2025-07-20 17:44:59 Fetched users: 2
2025-07-20 17:44:59 Returned users JSON.
2025-07-20 17:45:40 Fetched users: 2
2025-07-20 17:45:40 Returned users JSON.
2025-07-20 17:46:28 Fetched users: 2
2025-07-20 17:46:28 Returned users JSON.
2025-07-20 17:47:03 Fetched users: 2
2025-07-20 17:47:03 Returned users JSON.
2025-07-20 17:47:05 Fetched users: 2
2025-07-20 17:47:05 Returned users JSON.
2025-07-20 17:47:22 Fetched users: 2
2025-07-20 17:47:22 Returned users JSON.
2025-07-20 17:48:25 Fetched users: 2
2025-07-20 17:48:25 Returned users JSON.
2025-07-20 17:48:28 Fetched users: 2
2025-07-20 17:48:28 Returned users JSON.
2025-07-20 17:50:04 Fetched users: 2
2025-07-20 17:50:04 Returned users JSON.
2025-07-20 17:50:45 Fetched users: 2
2025-07-20 17:50:45 Returned users JSON.
2025-07-20 17:52:47 Fetched users: 2
2025-07-20 17:52:47 Returned users JSON.
2025-07-20 17:52:47 Fetched users: 2
2025-07-20 17:52:47 Returned users JSON.
2025-07-20 17:53:31 Fetched users: 2
2025-07-20 17:53:31 Returned users JSON.
2025-07-20 17:53:35 Returned user detail for id: 1
2025-07-20 17:53:53 Fetched users: 2
2025-07-20 17:53:53 Returned users JSON.
2025-07-20 17:56:38 Fetched users: 2
2025-07-20 17:56:38 Returned users JSON.
2025-07-20 17:56:39 Fetched users: 2
2025-07-20 17:56:39 Returned users JSON.
2025-07-20 17:57:51 Fetched users: 2
2025-07-20 17:57:51 Returned users JSON.
2025-07-20 17:59:19 Fetched users: 2
2025-07-20 17:59:19 Returned users JSON.
2025-07-20 17:59:25 Fetched users: 2
2025-07-20 17:59:25 Returned users JSON.
2025-07-20 17:59:29 Fetched users: 2
2025-07-20 17:59:29 Returned users JSON.
2025-07-20 17:59:58 Fetched users: 2
2025-07-20 17:59:58 Returned users JSON.
2025-07-20 18:00:10 Fetched users: 2
2025-07-20 18:00:10 Returned users JSON.
2025-07-20 18:03:56 Fetched users: 2
2025-07-20 18:03:56 Returned users JSON.
2025-07-20 18:04:07 Returned user detail for id: 1
2025-07-20 18:10:28 Fetched users: 2
2025-07-20 18:10:28 Returned users JSON.
2025-07-20 18:10:35 Fetched users: 2
2025-07-20 18:10:35 Returned users JSON.
2025-07-20 18:10:46 Fetched users: 2
2025-07-20 18:10:46 Returned users JSON.
2025-07-20 18:10:53 Fetched users: 2
2025-07-20 18:10:54 Returned users JSON.
2025-07-20 18:11:04 Fetched users: 2
2025-07-20 18:11:04 Returned users JSON.
2025-07-20 18:11:10 Fetched users: 2
2025-07-20 18:11:10 Returned users JSON.
2025-07-20 18:11:17 Fetched users: 2
2025-07-20 18:11:17 Returned users JSON.
2025-07-20 18:11:21 Fetched users: 2
2025-07-20 18:11:21 Returned users JSON.
2025-07-20 19:34:36 Fetched users: 2
2025-07-20 19:34:36 Returned users JSON.
2025-07-20 19:37:59 Fetched users: 2
2025-07-20 19:37:59 Returned users JSON.
2025-07-20 19:38:22 Returned user detail for id: 2
2025-07-20 20:41:47 Fetched users: 2
2025-07-20 20:41:47 Returned users JSON.
2025-07-20 21:20:39 Fetched users: 3
2025-07-20 21:20:39 Returned users JSON.
2025-07-20 21:20:50 Fetched users: 3
2025-07-20 21:20:50 Returned users JSON.
2025-07-21 00:10:48 Unauthorized access. Session: {"username":"David Smith","email":"alvinsmiles00@gmail.com","phone":"08164737930"}
2025-07-21 00:10:49 Unauthorized access. Session: {"username":"David Smith","email":"alvinsmiles00@gmail.com","phone":"08164737930"}
2025-07-21 00:10:57 Fetched users: 3
2025-07-21 00:10:57 Returned users JSON.
2025-07-21 00:10:59 Fetched users: 3
2025-07-21 00:10:59 Returned users JSON.
2025-07-21 00:11:04 Returned user detail for id: 2
2025-07-21 00:11:10 Returned user detail for id: 2
2025-07-21 00:11:46 Fetched users: 3
2025-07-21 00:11:46 Returned users JSON.
2025-07-21 00:11:48 Fetched users: 3
2025-07-21 00:11:48 Returned users JSON.
2025-07-21 00:20:56 Fetched users: 3
2025-07-21 00:20:56 Returned users JSON.
2025-07-21 02:00:22 Fetched users: 3
2025-07-21 02:00:22 Returned users JSON.
2025-07-21 02:00:36 Fetched users: 3
2025-07-21 02:00:36 Returned users JSON.
2025-07-21 02:07:24 Fetched users: 3
2025-07-21 02:07:24 Returned users JSON.
2025-07-21 04:25:59 Fetched users: 3
2025-07-21 04:25:59 Returned users JSON.
2025-07-21 04:56:15 Fetched users: 3
2025-07-21 04:56:15 Returned users JSON.
2025-07-21 05:02:31 Fetched users: 3
2025-07-21 05:02:31 Returned users JSON.
2025-07-21 05:03:52 Fetched users: 3
2025-07-21 05:03:52 Returned users JSON.
2025-07-21 05:03:57 Fetched users: 3
2025-07-21 05:03:57 Returned users JSON.
2025-07-21 05:05:08 Fetched users: 3
2025-07-21 05:05:08 Returned users JSON.
2025-07-21 05:05:09 Fetched users: 3
2025-07-21 05:05:09 Returned users JSON.
2025-07-21 05:06:50 Fetched users: 3
2025-07-21 05:06:50 Returned users JSON.
2025-07-21 05:06:51 Fetched users: 3
2025-07-21 05:06:51 Returned users JSON.
2025-07-21 05:08:53 Fetched users: 3
2025-07-21 05:08:53 Returned users JSON.
2025-07-21 05:12:22 Fetched users: 3
2025-07-21 05:12:22 Returned users JSON.
2025-07-21 05:12:25 Fetched users: 3
2025-07-21 05:12:25 Returned users JSON.
2025-07-21 05:51:16 Fetched users: 3
2025-07-21 05:51:16 Returned users JSON.
2025-07-21 07:12:06 Fetched users: 3
2025-07-21 07:12:06 Returned users JSON.
2025-07-21 07:58:19 Fetched users: 3
2025-07-21 07:58:19 Returned users JSON.
2025-07-21 07:58:30 Fetched users: 3
2025-07-21 07:58:30 Returned users JSON.
2025-07-21 07:59:28 Fetched users: 3
2025-07-21 07:59:28 Returned users JSON.
2025-07-21 07:59:32 Fetched users: 3
2025-07-21 07:59:32 Returned users JSON.
2025-07-21 07:59:38 Fetched users: 3
2025-07-21 07:59:38 Returned users JSON.
2025-07-21 08:02:15 Fetched users: 3
2025-07-21 08:02:15 Returned users JSON.
2025-07-21 08:14:51 Fetched users: 3
2025-07-21 08:14:51 Returned users JSON.
2025-07-21 08:17:39 Fetched users: 3
2025-07-21 08:17:39 Returned users JSON.
2025-07-21 08:17:44 Fetched users: 3
2025-07-21 08:17:44 Returned users JSON.
2025-07-21 08:17:45 Fetched users: 3
2025-07-21 08:17:45 Returned users JSON.
2025-07-21 08:17:50 Fetched users: 3
2025-07-21 08:17:50 Returned users JSON.
2025-07-21 08:22:32 Fetched users: 3
2025-07-21 08:22:32 Returned users JSON.
2025-07-21 08:22:34 Fetched users: 3
2025-07-21 08:22:34 Returned users JSON.
2025-07-21 08:22:34 Fetched users: 3
2025-07-21 08:22:34 Returned users JSON.
2025-07-21 08:22:35 Fetched users: 3
2025-07-21 08:22:35 Returned users JSON.
2025-07-21 08:22:36 Fetched users: 3
2025-07-21 08:22:36 Returned users JSON.
2025-07-21 08:22:37 Fetched users: 3
2025-07-21 08:22:37 Returned users JSON.
2025-07-21 08:22:37 Fetched users: 3
2025-07-21 08:22:37 Returned users JSON.
2025-07-21 08:22:38 Fetched users: 3
2025-07-21 08:22:38 Returned users JSON.
2025-07-21 08:22:39 Fetched users: 3
2025-07-21 08:22:39 Returned users JSON.
2025-07-21 08:22:39 Fetched users: 3
2025-07-21 08:22:39 Returned users JSON.
2025-07-21 08:22:40 Fetched users: 3
2025-07-21 08:22:40 Returned users JSON.
2025-07-21 08:22:41 Fetched users: 3
2025-07-21 08:22:41 Returned users JSON.
2025-07-21 08:22:42 Fetched users: 3
2025-07-21 08:22:42 Returned users JSON.
2025-07-21 08:22:42 Fetched users: 3
2025-07-21 08:22:42 Returned users JSON.
2025-07-21 08:22:43 Fetched users: 3
2025-07-21 08:22:43 Returned users JSON.
2025-07-21 08:22:44 Fetched users: 3
2025-07-21 08:22:44 Returned users JSON.
2025-07-21 08:22:45 Fetched users: 3
2025-07-21 08:22:45 Returned users JSON.
2025-07-21 08:22:47 Fetched users: 3
2025-07-21 08:22:47 Returned users JSON.
2025-07-21 08:22:49 Fetched users: 3
2025-07-21 08:22:49 Returned users JSON.
2025-07-21 08:23:43 Fetched users: 3
2025-07-21 08:23:43 Returned users JSON.
2025-07-21 08:23:44 Fetched users: 3
2025-07-21 08:23:44 Returned users JSON.
2025-07-21 08:23:45 Fetched users: 3
2025-07-21 08:23:45 Returned users JSON.
2025-07-21 08:23:45 Fetched users: 3
2025-07-21 08:23:45 Returned users JSON.
2025-07-21 08:23:46 Fetched users: 3
2025-07-21 08:23:46 Returned users JSON.
2025-07-21 08:23:47 Fetched users: 3
2025-07-21 08:23:47 Returned users JSON.
2025-07-21 08:23:51 Fetched users: 3
2025-07-21 08:23:51 Returned users JSON.
2025-07-21 08:25:11 Fetched users: 3
2025-07-21 08:25:11 Returned users JSON.
2025-07-21 08:25:13 Fetched users: 3
2025-07-21 08:25:13 Returned users JSON.
2025-07-21 08:25:14 Fetched users: 3
2025-07-21 08:25:14 Returned users JSON.
2025-07-21 08:25:14 Fetched users: 3
2025-07-21 08:25:14 Returned users JSON.
2025-07-21 08:25:15 Fetched users: 3
2025-07-21 08:25:15 Returned users JSON.
2025-07-21 08:25:15 Fetched users: 3
2025-07-21 08:25:15 Returned users JSON.
2025-07-21 08:25:15 Fetched users: 3
2025-07-21 08:25:15 Returned users JSON.
2025-07-21 08:25:15 Fetched users: 3
2025-07-21 08:25:15 Returned users JSON.
2025-07-21 08:25:15 Fetched users: 3
2025-07-21 08:25:15 Returned users JSON.
2025-07-21 08:25:18 Fetched users: 3
2025-07-21 08:25:18 Returned users JSON.
2025-07-21 08:25:19 Fetched users: 3
2025-07-21 08:25:19 Returned users JSON.
2025-07-21 08:25:20 Fetched users: 3
2025-07-21 08:25:20 Returned users JSON.
2025-07-21 08:25:20 Fetched users: 3
2025-07-21 08:25:20 Returned users JSON.
2025-07-21 08:26:37 Fetched users: 3
2025-07-21 08:26:37 Returned users JSON.
2025-07-21 08:29:31 Fetched users: 3
2025-07-21 08:29:31 Returned users JSON.
2025-07-21 08:29:32 Fetched users: 3
2025-07-21 08:29:32 Returned users JSON.
2025-07-21 08:29:33 Fetched users: 3
2025-07-21 08:29:33 Returned users JSON.
2025-07-21 08:29:34 Fetched users: 3
2025-07-21 08:29:34 Returned users JSON.
2025-07-21 08:31:01 Fetched users: 3
2025-07-21 08:31:02 Returned users JSON.
2025-07-21 08:31:03 Fetched users: 3
2025-07-21 08:31:03 Returned users JSON.
2025-07-21 08:31:08 Fetched users: 3
2025-07-21 08:31:08 Returned users JSON.
2025-07-21 08:32:14 Fetched users: 3
2025-07-21 08:32:14 Returned users JSON.
2025-07-21 08:35:02 Fetched users: 3
2025-07-21 08:35:02 Returned users JSON.
2025-07-21 08:37:37 Fetched users: 3
2025-07-21 08:37:37 Returned users JSON.
2025-07-21 08:37:38 Fetched users: 3
2025-07-21 08:37:38 Returned users JSON.
2025-07-21 08:43:34 Fetched users: 3
2025-07-21 08:43:34 Returned users JSON.
2025-07-21 08:50:16 Fetched users: 3
2025-07-21 08:50:16 Returned users JSON.
2025-07-21 09:01:04 Fetched users: 3
2025-07-21 09:01:04 Returned users JSON.
2025-07-21 09:01:20 Fetched users: 3
2025-07-21 09:01:20 Returned users JSON.
2025-07-23 18:27:38 Fetched users: 3
2025-07-23 18:27:38 Returned users JSON.
2025-07-23 18:27:59 Fetched users: 3
2025-07-23 18:27:59 Returned users JSON.
2025-07-23 18:28:09 Returned user detail for id: 1
2025-07-23 18:41:04 Unauthorized access. Session: {"email":"aguchinedu28@gmail.com","phone":"09134847856","user_id":2,"username":"Agu Chinedu"}
2025-07-23 18:41:11 Fetched users: 3
2025-07-23 18:41:11 Returned users JSON.
2025-07-23 18:41:13 Fetched users: 3
2025-07-23 18:41:13 Returned users JSON.
2025-07-23 19:33:38 Fetched users: 3
2025-07-23 19:33:38 Returned users JSON.
2025-07-23 19:58:33 Fetched users: 3
2025-07-23 19:58:33 Returned users JSON.
2025-07-23 19:58:42 Fetched users: 3
2025-07-23 19:58:42 Returned users JSON.
2025-07-23 19:58:52 Fetched users: 3
2025-07-23 19:58:52 Returned users JSON.
2025-07-23 19:58:54 Fetched users: 3
2025-07-23 19:58:54 Returned users JSON.
2025-07-23 19:58:55 Fetched users: 3
2025-07-23 19:58:55 Returned users JSON.
2025-07-23 23:34:52 Fetched users: 3
2025-07-23 23:34:53 Returned users JSON.
2025-07-23 23:39:37 Fetched users: 3
2025-07-23 23:39:37 Returned users JSON.
2025-07-24 00:44:31 Fetched users: 3
2025-07-24 00:44:31 Returned users JSON.
2025-07-24 03:28:53 Fetched users: 4
2025-07-24 03:28:53 Returned users JSON.
2025-07-24 03:28:56 Fetched users: 4
2025-07-24 03:28:56 Returned users JSON.
2025-07-24 03:29:24 Fetched users: 4
2025-07-24 03:29:24 Returned users JSON.
2025-07-24 03:29:26 Fetched users: 4
2025-07-24 03:29:26 Returned users JSON.
2025-07-24 03:29:29 Fetched users: 4
2025-07-24 03:29:29 Returned users JSON.
2025-07-24 03:32:01 Fetched users: 4
2025-07-24 03:32:01 Returned users JSON.
2025-07-24 04:14:18 Fetched users: 4
2025-07-24 04:14:18 Returned users JSON.
2025-07-24 13:33:31 Fetched users: 4
2025-07-24 13:33:31 Returned users JSON.
2025-07-24 14:06:30 Fetched users: 4
2025-07-24 14:06:30 Returned users JSON.
2025-07-24 14:26:46 Fetched users: 4
2025-07-24 14:26:46 Returned users JSON.
2025-07-24 14:29:26 Fetched users: 4
2025-07-24 14:29:26 Returned users JSON.
2025-07-24 14:30:25 Fetched users: 4
2025-07-24 14:30:25 Returned users JSON.
2025-07-24 14:30:26 Fetched users: 4
2025-07-24 14:30:26 Returned users JSON.
2025-07-24 14:30:34 Fetched users: 4
2025-07-24 14:30:34 Returned users JSON.
2025-07-24 14:30:36 Fetched users: 4
2025-07-24 14:30:36 Returned users JSON.
2025-07-24 14:30:37 Fetched users: 4
2025-07-24 14:30:37 Returned users JSON.
2025-07-24 14:30:38 Fetched users: 4
2025-07-24 14:30:38 Returned users JSON.
2025-07-24 14:30:45 Fetched users: 4
2025-07-24 14:30:45 Returned users JSON.
2025-07-24 14:30:48 Fetched users: 4
2025-07-24 14:30:48 Returned users JSON.
2025-07-24 14:30:49 Fetched users: 4
2025-07-24 14:30:49 Returned users JSON.
2025-07-24 14:30:50 Fetched users: 4
2025-07-24 14:30:50 Returned users JSON.
2025-07-24 14:30:51 Fetched users: 4
2025-07-24 14:30:51 Returned users JSON.
2025-07-24 14:30:55 Fetched users: 4
2025-07-24 14:30:55 Returned users JSON.
2025-07-24 14:32:58 Fetched users: 4
2025-07-24 14:32:58 Returned users JSON.
2025-07-24 14:32:59 Fetched users: 4
2025-07-24 14:32:59 Returned users JSON.
2025-07-24 14:33:00 Fetched users: 4
2025-07-24 14:33:00 Returned users JSON.
2025-07-24 14:33:02 Fetched users: 4
2025-07-24 14:33:02 Returned users JSON.
2025-07-24 14:33:03 Fetched users: 4
2025-07-24 14:33:03 Returned users JSON.
2025-07-24 14:33:16 Fetched users: 4
2025-07-24 14:33:16 Returned users JSON.
2025-07-24 14:33:25 Fetched users: 4
2025-07-24 14:33:25 Returned users JSON.
2025-07-24 14:33:27 Fetched users: 4
2025-07-24 14:33:27 Returned users JSON.
2025-07-24 14:33:27 Fetched users: 4
2025-07-24 14:33:27 Returned users JSON.
2025-07-24 14:36:16 Fetched users: 4
2025-07-24 14:36:16 Returned users JSON.
2025-07-24 14:36:16 Fetched users: 4
2025-07-24 14:36:16 Returned users JSON.
2025-07-24 14:36:17 Fetched users: 4
2025-07-24 14:36:17 Returned users JSON.
2025-07-24 14:36:18 Fetched users: 4
2025-07-24 14:36:18 Returned users JSON.
2025-07-24 14:36:19 Fetched users: 4
2025-07-24 14:36:19 Returned users JSON.
2025-07-24 14:36:22 Fetched users: 4
2025-07-24 14:36:22 Returned users JSON.
2025-07-24 14:36:25 Fetched users: 4
2025-07-24 14:36:25 Returned users JSON.
2025-07-24 14:40:22 Fetched users: 4
2025-07-24 14:40:22 Returned users JSON.
2025-07-24 14:40:23 Fetched users: 4
2025-07-24 14:40:23 Returned users JSON.
2025-07-24 14:40:24 Fetched users: 4
2025-07-24 14:40:24 Returned users JSON.
2025-07-24 14:40:25 Fetched users: 4
2025-07-24 14:40:25 Returned users JSON.
2025-07-24 14:40:26 Fetched users: 4
2025-07-24 14:40:26 Returned users JSON.
2025-07-24 14:40:53 Fetched users: 4
2025-07-24 14:40:53 Returned users JSON.
2025-07-24 14:40:56 Fetched users: 4
2025-07-24 14:40:56 Returned users JSON.
2025-07-24 14:40:57 Fetched users: 4
2025-07-24 14:40:57 Returned users JSON.
2025-07-24 14:40:58 Fetched users: 4
2025-07-24 14:40:58 Returned users JSON.
2025-07-24 14:42:06 Fetched users: 4
2025-07-24 14:42:06 Returned users JSON.
2025-07-24 14:42:07 Fetched users: 4
2025-07-24 14:42:07 Returned users JSON.
2025-07-24 14:42:55 Fetched users: 4
2025-07-24 14:42:55 Returned users JSON.
2025-07-24 14:42:56 Fetched users: 4
2025-07-24 14:42:56 Returned users JSON.
2025-07-24 14:42:57 Fetched users: 4
2025-07-24 14:42:57 Returned users JSON.
2025-07-24 14:42:58 Fetched users: 4
2025-07-24 14:42:58 Returned users JSON.
2025-07-24 14:42:58 Fetched users: 4
2025-07-24 14:42:58 Returned users JSON.
2025-07-24 14:43:42 Fetched users: 4
2025-07-24 14:43:42 Returned users JSON.
2025-07-24 14:43:43 Fetched users: 4
2025-07-24 14:43:43 Returned users JSON.
2025-07-24 14:43:44 Fetched users: 4
2025-07-24 14:43:44 Returned users JSON.
2025-07-24 14:44:55 Fetched users: 4
2025-07-24 14:44:55 Returned users JSON.
2025-07-24 14:44:57 Fetched users: 4
2025-07-24 14:44:57 Returned users JSON.
2025-07-24 14:44:58 Fetched users: 4
2025-07-24 14:44:58 Returned users JSON.
2025-07-24 14:44:59 Fetched users: 4
2025-07-24 14:44:59 Returned users JSON.
2025-07-24 14:45:00 Fetched users: 4
2025-07-24 14:45:00 Returned users JSON.
2025-07-24 14:47:10 Fetched users: 4
2025-07-24 14:47:10 Returned users JSON.
2025-07-24 14:47:14 Fetched users: 4
2025-07-24 14:47:14 Returned users JSON.
2025-07-24 14:47:39 Fetched users: 4
2025-07-24 14:47:39 Returned users JSON.
2025-07-24 14:48:00 Fetched users: 4
2025-07-24 14:48:00 Returned users JSON.
2025-07-24 14:50:26 Fetched users: 4
2025-07-24 14:50:26 Returned users JSON.
2025-07-24 14:50:37 Fetched users: 4
2025-07-24 14:50:37 Returned users JSON.
2025-07-24 14:51:16 Fetched users: 4
2025-07-24 14:51:16 Returned users JSON.
2025-07-24 15:20:55 Fetched users: 4
2025-07-24 15:20:55 Returned users JSON.
2025-07-24 15:22:42 Fetched users: 4
2025-07-24 15:22:42 Returned users JSON.
2025-07-24 15:40:22 Fetched users: 4
2025-07-24 15:40:22 Returned users JSON.
2025-07-24 15:43:51 Fetched users: 4
2025-07-24 15:43:51 Returned users JSON.
2025-07-24 15:43:54 Fetched users: 4
2025-07-24 15:43:54 Returned users JSON.
2025-07-24 15:46:09 Fetched users: 4
2025-07-24 15:46:09 Returned users JSON.
2025-07-24 15:46:11 Fetched users: 4
2025-07-24 15:46:11 Returned users JSON.
2025-07-24 15:48:03 Fetched users: 4
2025-07-24 15:48:03 Returned users JSON.
2025-07-24 15:48:07 Fetched users: 4
2025-07-24 15:48:07 Returned users JSON.
2025-07-24 15:48:14 Fetched users: 4
2025-07-24 15:48:14 Returned users JSON.
2025-07-24 15:54:09 Fetched users: 4
2025-07-24 15:54:09 Returned users JSON.
2025-07-24 15:56:18 Fetched users: 4
2025-07-24 15:56:18 Returned users JSON.
2025-07-24 15:56:20 Fetched users: 4
2025-07-24 15:56:20 Returned users JSON.
2025-07-24 15:58:10 Fetched users: 4
2025-07-24 15:58:10 Returned users JSON.
2025-07-24 15:58:45 Fetched users: 4
2025-07-24 15:58:45 Returned users JSON.
2025-07-24 16:00:54 Fetched users: 4
2025-07-24 16:00:54 Returned users JSON.
2025-07-24 16:00:55 Fetched users: 4
2025-07-24 16:00:55 Returned users JSON.
2025-07-24 16:00:56 Fetched users: 4
2025-07-24 16:00:56 Returned users JSON.
2025-07-24 16:21:42 Fetched users: 5
2025-07-24 16:21:42 Returned users JSON.
2025-07-24 16:21:46 Fetched users: 5
2025-07-24 16:21:46 Returned users JSON.
2025-07-24 16:22:15 Fetched users: 5
2025-07-24 16:22:15 Returned users JSON.
2025-07-24 16:24:53 Fetched users: 5
2025-07-24 16:24:53 Returned users JSON.
2025-07-24 16:31:31 Unauthorized access. Session: {"email":"alvinsmiles0@gmail.com","phone":"08151864969","user_id":5,"success":"Registration successful! Redirecting...","username":"David Glad"}
2025-07-24 16:31:35 Fetched users: 5
2025-07-24 16:31:36 Returned users JSON.
2025-07-24 16:32:23 Fetched users: 5
2025-07-24 16:32:23 Returned users JSON.
2025-07-24 16:34:31 Fetched users: 5
2025-07-24 16:34:31 Returned users JSON.
2025-07-24 16:34:49 Returned user detail for id: 5
2025-07-24 16:35:02 Fetched users: 5
2025-07-24 16:35:02 Returned users JSON.
2025-07-24 20:34:49 Fetched users: 5
2025-07-24 20:34:50 Returned users JSON.
2025-07-24 20:34:59 Fetched users: 5
2025-07-24 20:34:59 Returned users JSON.
2025-07-24 20:45:36 Fetched users: 5
2025-07-24 20:45:36 Returned users JSON.
2025-07-24 21:15:17 Unauthorized access. Session: {"username":"David Smith","email":"alvinsmiles00@gmail.com","phone":"08164737930","user_id":3}
2025-07-24 21:15:46 Fetched users: 5
2025-07-24 21:15:46 Returned users JSON.
2025-07-24 21:15:50 Fetched users: 5
2025-07-24 21:15:50 Returned users JSON.
2025-07-26 20:25:20 Fetched users: 5
2025-07-26 20:25:22 Returned users JSON.
2025-07-26 20:33:33 Fetched users: 5
2025-07-26 20:33:33 Returned users JSON.
2025-07-26 20:35:47 Fetched users: 5
2025-07-26 20:35:47 Returned users JSON.
2025-07-26 20:54:01 Fetched users: 5
2025-07-26 20:54:01 Returned users JSON.
2025-07-26 20:56:51 Fetched users: 5
2025-07-26 20:56:51 Returned users JSON.
2025-07-26 20:56:52 Fetched users: 5
2025-07-26 20:56:52 Returned users JSON.
2025-07-26 21:21:44 Fetched users: 5
2025-07-26 21:21:44 Returned users JSON.
2025-07-27 02:45:37 Unauthorized access. Session: {"email":"alvinsmiles00@gmail.com","phone":"08164737930","user_id":3,"username":"David Smith"}
2025-07-27 02:45:46 Fetched users: 5
2025-07-27 02:45:47 Returned users JSON.
2025-07-27 02:45:50 Fetched users: 5
2025-07-27 02:45:50 Returned users JSON.
2025-07-27 03:13:10 Fetched users: 5
2025-07-27 03:13:10 Returned users JSON.
2025-07-27 03:13:12 Fetched users: 5
2025-07-27 03:13:12 Returned users JSON.
2025-07-27 03:20:19 Fetched users: 5
2025-07-27 03:20:19 Returned users JSON.
2025-07-27 03:20:20 Fetched users: 5
2025-07-27 03:20:20 Returned users JSON.
2025-07-27 03:30:28 Fetched users: 5
2025-07-27 03:30:28 Returned users JSON.
2025-07-31 18:47:45 Fetched users: 5
2025-07-31 18:47:45 Returned users JSON.
2025-07-31 19:25:39 Fetched users: 6
2025-07-31 19:25:39 Returned users JSON.
2025-08-05 16:30:15 Fetched users: 8
2025-08-05 16:30:15 Returned users JSON.
2025-08-05 16:37:55 Fetched users: 8
2025-08-05 16:37:55 Returned users JSON.
2025-08-05 16:39:06 Fetched users: 8
2025-08-05 16:39:06 Returned users JSON.
2025-08-06 00:31:02 Fetched users: 8
2025-08-06 00:31:02 Returned users JSON.
2025-08-06 00:33:28 Unauthorized access. Session: {"username":"Agu Chukwu","email":"aguchukwu70@gmail.com","phone":"09127890346","user_id":7}
2025-08-06 00:33:38 Unauthorized access. Session: {"username":"Agu Chukwu","email":"aguchukwu70@gmail.com","phone":"09127890346","user_id":7}
2025-08-06 00:35:14 Fetched users: 8
2025-08-06 00:35:14 Returned users JSON.
2025-08-06 00:35:16 Fetched users: 8
2025-08-06 00:35:16 Returned users JSON.
2025-08-06 00:48:04 Fetched users: 8
2025-08-06 00:48:04 Returned users JSON.
2025-08-06 01:05:09 Fetched users: 8
2025-08-06 01:05:09 Returned users JSON.
2025-08-06 01:16:34 Fetched users: 8
2025-08-06 01:16:34 Returned users JSON.
2025-08-06 06:42:27 Fetched users: 8
2025-08-06 06:42:27 Returned users JSON.
2025-08-07 16:10:24 Fetched users: 8
2025-08-07 16:10:24 Returned users JSON.
2025-08-12 19:50:22 Fetched users: 9
2025-08-12 19:50:22 Returned users JSON.
2025-08-12 19:56:35 Fetched users: 9
2025-08-12 19:56:35 Returned users JSON.
2025-08-12 19:57:50 Fetched users: 9
2025-08-12 19:57:50 Returned users JSON.
2025-08-16 15:34:35 Fetched users: 9
2025-08-16 15:34:35 Returned users JSON.
2025-08-19 23:12:57 Fetched users: 9
2025-08-19 23:12:57 Returned users JSON.
2025-08-20 17:49:53 Fetched users: 2
2025-08-20 17:49:53 Returned users JSON.
2025-08-20 17:58:01 Unauthorized access. Session: {"email":"aguchukwudi30@gmail.com","phone":"08164737930","user_id":2,"success":"Registration successful! Please log in.","username":"Agu Austine"}
2025-08-20 17:58:01 Unauthorized access. Session: {"email":"aguchukwudi30@gmail.com","phone":"08164737930","user_id":2,"success":"Registration successful! Please log in.","username":"Agu Austine"}
2025-08-20 17:58:06 Fetched users: 2
2025-08-20 17:58:06 Returned users JSON.
2025-08-20 17:58:08 Fetched users: 2
2025-08-20 17:58:08 Returned users JSON.
2025-08-22 20:43:34 Fetched users: 2
2025-08-22 20:43:34 Returned users JSON.
2025-08-22 20:45:53 Fetched users: 2
2025-08-22 20:45:53 Returned users JSON.
2025-08-22 20:53:05 Fetched users: 2
2025-08-22 20:53:05 Returned users JSON.
2025-08-22 21:15:29 Fetched users: 2
2025-08-22 21:15:29 Returned users JSON.
2025-08-22 21:16:36 Fetched users: 2
2025-08-22 21:16:36 Returned users JSON.
2025-08-22 21:17:35 Fetched users: 2
2025-08-22 21:17:35 Returned users JSON.
2025-08-22 21:33:27 Fetched users: 2
2025-08-22 21:33:27 Returned users JSON.
2025-08-22 21:34:56 Fetched users: 2
2025-08-22 21:34:56 Returned users JSON.
